Log file open, 03/05/19 14:52:35
LogWindows: Failed to load 'aqProf.dll' (GetLastError=126)
LogWindows: File 'aqProf.dll' does not exist
LogWindows: Failed to load 'VtuneApi.dll' (GetLastError=126)
LogWindows: File 'VtuneApi.dll' does not exist
LogWindows: Failed to load 'VtuneApi32e.dll' (GetLastError=126)
LogWindows: File 'VtuneApi32e.dll' does not exist
LogInit: Display: Running engine for game: BattleTank
LogPlatformFile: Not using cached read wrapper
LogInit: Display: RandInit(-436115790) SRandInit(-436115790).
LogInit: Read version file with build ID '3944462'
LogInit: Overriding engine version to CL 4033788, compatible CL 3944462
LogInit: Registered custom module enumerator with build ID '3944462'
LogTaskGraph: Started task graph with 5 named threads and 23 total threads with 3 sets of task threads.
LogStats: Stats thread started at 0.262794
LogD3D11RHI: Aftermath initialized
LogICUInternationalization: Display: ICU TimeZone Detection - Raw Offset: +8:00, Platform Override: ''
LogPluginManager: Mounting plugin Paper2D
LogPluginManager: Mounting plugin LiveLink
LogPluginManager: Mounting plugin LightPropagationVolume
LogPluginManager: Mounting plugin CLionSourceCodeAccess
LogPluginManager: Mounting plugin CodeLiteSourceCodeAccess
LogPluginManager: Mounting plugin GitSourceControl
LogPluginManager: Mounting plugin KDevelopSourceCodeAccess
LogPluginManager: Mounting plugin NullSourceCodeAccess
LogPluginManager: Mounting plugin PerforceSourceControl
LogPluginManager: Mounting plugin SubversionSourceControl
LogPluginManager: Mounting plugin UObjectPlugin
LogPluginManager: Mounting plugin VisualStudioCodeSourceCodeAccess
LogPluginManager: Mounting plugin VisualStudioSourceCodeAccess
LogPluginManager: Mounting plugin XCodeSourceCodeAccess
LogPluginManager: Mounting plugin AssetManagerEditor
LogPluginManager: Mounting plugin CryptoKeys
LogPluginManager: Mounting plugin DataValidation
LogPluginManager: Mounting plugin FacialAnimation
LogPluginManager: Mounting plugin GameplayTagsEditor
LogPluginManager: Mounting plugin MobileLauncherProfileWizard
LogPluginManager: Mounting plugin PluginBrowser
LogPluginManager: Mounting plugin SpeedTreeImporter
LogPluginManager: Mounting plugin DatasmithContent
LogPluginManager: Mounting plugin AlembicImporter
LogPluginManager: Mounting plugin CharacterAI
LogPluginManager: Mounting plugin HTML5Networking
LogPluginManager: Mounting plugin AndroidMedia
LogPluginManager: Mounting plugin AvfMedia
LogPluginManager: Mounting plugin ImgMedia
LogPluginManager: Mounting plugin LinearTimecode
LogPluginManager: Mounting plugin MediaCompositing
LogPluginManager: Mounting plugin MediaPlayerEditor
LogPluginManager: Mounting plugin WmfMedia
LogPluginManager: Mounting plugin TcpMessaging
LogPluginManager: Mounting plugin UdpMessaging
LogPluginManager: Mounting plugin ActorSequence
LogPluginManager: Mounting plugin LevelSequenceEditor
LogPluginManager: Mounting plugin MatineeToLevelSequence
LogPluginManager: Mounting plugin NetcodeUnitTest
LogPluginManager: Mounting plugin NUTUnrealEngine4
LogPluginManager: Mounting plugin OnlineSubsystemGooglePlay
LogPluginManager: Mounting plugin OnlineSubsystemIOS
LogPluginManager: Mounting plugin OnlineSubsystem
LogPluginManager: Mounting plugin OnlineSubsystemNull
LogPluginManager: Mounting plugin OnlineSubsystemUtils
LogPluginManager: Mounting plugin AndroidDeviceProfileSelector
LogPluginManager: Mounting plugin AndroidMoviePlayer
LogPluginManager: Mounting plugin AndroidPermission
LogPluginManager: Mounting plugin AppleARKit
LogPluginManager: Mounting plugin AppleMoviePlayer
LogPluginManager: Mounting plugin ArchVisCharacter
LogPluginManager: Mounting plugin AudioCapture
LogPluginManager: Mounting plugin CableComponent
LogPluginManager: Mounting plugin CustomMeshComponent
LogPluginManager: Mounting plugin ExampleDeviceProfileSelector
LogPluginManager: Mounting plugin GoogleCloudMessaging
LogPluginManager: Mounting plugin ImmediatePhysics
LogPluginManager: Mounting plugin IOSDeviceProfileSelector
LogPluginManager: Mounting plugin LinuxDeviceProfileSelector
LogPluginManager: Mounting plugin LocationServicesBPLibrary
LogPluginManager: Mounting plugin MobilePatchingUtils
LogPluginManager: Mounting plugin OculusVR
LogPluginManager: Plugin shader directory ../../../Engine/Plugins/Runtime/Oculus/OculusVR/Shaders found
LogPluginManager: Mapping shader source directory ../../../Engine/Plugins/Runtime/Oculus/OculusVR/Shaders to virtual directory /Plugin/OculusVR
LogPluginManager: Mounting plugin PhysXVehicles
LogPluginManager: Mounting plugin ProceduralMeshComponent
LogPluginManager: Mounting plugin RuntimePhysXCooking
LogPluginManager: Mounting plugin SteamVR
LogPluginManager: Mounting plugin WindowsMoviePlayer
LogStreaming: Display: Took  0.146s to configure plugins.
LogModuleManager: Display: Found up-to-date module file E:/GitHub/UE4/TankBattle/BattleTank/Binaries/Win64/UE4Editor-BattleTank.dll (API version 3944462).
LogModuleManager: Display: Found up-to-date module file ../../../Engine/Plugins/2D/Paper2D/Binaries/Win64/UE4Editor-Paper2D.dll (API version 3944462).
LogModuleManager: Display: Found up-to-date module file ../../../Engine/Plugins/2D/Paper2D/Binaries/Win64/UE4Editor-Paper2DEditor.dll (API version 3944462).
LogModuleManager: Display: Found up-to-date module file ../../../Engine/Plugins/2D/Paper2D/Binaries/Win64/UE4Editor-PaperSpriteSheetImporter.dll (API version 3944462).
LogModuleManager: Display: Found up-to-date module file ../../../Engine/Plugins/2D/Paper2D/Binaries/Win64/UE4Editor-PaperTiledImporter.dll (API version 3944462).
LogModuleManager: Display: Found up-to-date module file ../../../Engine/Plugins/2D/Paper2D/Binaries/Win64/UE4Editor-SmartSnapping.dll (API version 3944462).
LogModuleManager: Display: Found up-to-date module file ../../../Engine/Plugins/Animation/LiveLink/Binaries/Win64/UE4Editor-LiveLink.dll (API version 3944462).
LogModuleManager: Display: Found up-to-date module file ../../../Engine/Plugins/Animation/LiveLink/Binaries/Win64/UE4Editor-LiveLinkEditor.dll (API version 3944462).
LogModuleManager: Display: Found up-to-date module file ../../../Engine/Plugins/Blendables/LightPropagationVolume/Binaries/Win64/UE4Editor-LightPropagationVolumeRuntime.dll (API version 3944462).
LogModuleManager: Display: Found up-to-date module file ../../../Engine/Plugins/Blendables/LightPropagationVolume/Binaries/Win64/UE4Editor-LightPropagationVolumeEditor.dll (API version 3944462).
LogModuleManager: Display: Found up-to-date module file ../../../Engine/Plugins/Developer/CLionSourceCodeAccess/Binaries/Win64/UE4Editor-CLionSourceCodeAccess.dll (API version 3944462).
LogModuleManager: Display: Found up-to-date module file ../../../Engine/Plugins/Developer/GitSourceControl/Binaries/Win64/UE4Editor-GitSourceControl.dll (API version 3944462).
LogModuleManager: Display: Found up-to-date module file ../../../Engine/Plugins/Developer/PerforceSourceControl/Binaries/Win64/UE4Editor-PerforceSourceControl.dll (API version 3944462).
LogModuleManager: Display: Found up-to-date module file ../../../Engine/Plugins/Developer/SubversionSourceControl/Binaries/Win64/UE4Editor-SubversionSourceControl.dll (API version 3944462).
LogModuleManager: Display: Found up-to-date module file ../../../Engine/Plugins/Developer/UObjectPlugin/Binaries/Win64/UE4Editor-UObjectPlugin.dll (API version 3944462).
LogModuleManager: Display: Found up-to-date module file ../../../Engine/Plugins/Developer/VisualStudioCodeSourceCodeAccess/Binaries/Win64/UE4Editor-VisualStudioCodeSourceCodeAccess.dll (API version 3944462).
LogModuleManager: Display: Found up-to-date module file ../../../Engine/Plugins/Developer/VisualStudioSourceCodeAccess/Binaries/Win64/UE4Editor-VisualStudioSourceCodeAccess.dll (API version 3944462).
LogModuleManager: Display: Found up-to-date module file ../../../Engine/Plugins/Editor/AssetManagerEditor/Binaries/Win64/UE4Editor-AssetManagerEditor.dll (API version 3944462).
LogModuleManager: Display: Found up-to-date module file ../../../Engine/Plugins/Editor/CryptoKeys/Binaries/Win64/UE4Editor-CryptoKeys.dll (API version 3944462).
LogModuleManager: Display: Found up-to-date module file ../../../Engine/Plugins/Editor/CryptoKeys/Binaries/Win64/UE4Editor-CryptoKeysOpenSSL.dll (API version 3944462).
LogModuleManager: Display: Found up-to-date module file ../../../Engine/Plugins/Editor/DataValidation/Binaries/Win64/UE4Editor-DataValidation.dll (API version 3944462).
LogModuleManager: Display: Found up-to-date module file ../../../Engine/Plugins/Editor/FacialAnimation/Binaries/Win64/UE4Editor-FacialAnimation.dll (API version 3944462).
LogModuleManager: Display: Found up-to-date module file ../../../Engine/Plugins/Editor/FacialAnimation/Binaries/Win64/UE4Editor-FacialAnimationEditor.dll (API version 3944462).
LogModuleManager: Display: Found up-to-date module file ../../../Engine/Plugins/Editor/GameplayTagsEditor/Binaries/Win64/UE4Editor-GameplayTagsEditor.dll (API version 3944462).
LogModuleManager: Display: Found up-to-date module file ../../../Engine/Plugins/Editor/MobileLauncherProfileWizard/Binaries/Win64/UE4Editor-MobileLauncherProfileWizard.dll (API version 3944462).
LogModuleManager: Display: Found up-to-date module file ../../../Engine/Plugins/Editor/PluginBrowser/Binaries/Win64/UE4Editor-PluginBrowser.dll (API version 3944462).
LogModuleManager: Display: Found up-to-date module file ../../../Engine/Plugins/Editor/SpeedTreeImporter/Binaries/Win64/UE4Editor-SpeedTreeImporter.dll (API version 3944462).
LogModuleManager: Display: Found up-to-date module file ../../../Engine/Plugins/Enterprise/DatasmithContent/Binaries/Win64/UE4Editor-DatasmithContent.dll (API version 3944462).
LogModuleManager: Display: Found up-to-date module file ../../../Engine/Plugins/Experimental/AlembicImporter/Binaries/Win64/UE4Editor-AlembicImporter.dll (API version 3944462).
LogModuleManager: Display: Found up-to-date module file ../../../Engine/Plugins/Experimental/AlembicImporter/Binaries/Win64/UE4Editor-AlembicLibrary.dll (API version 3944462).
LogModuleManager: Display: Found up-to-date module file ../../../Engine/Plugins/Experimental/CharacterAI/Binaries/Win64/UE4Editor-CharacterAI.dll (API version 3944462).
LogModuleManager: Display: Found up-to-date module file ../../../Engine/Plugins/Experimental/HTML5Networking/Binaries/Win64/UE4Editor-HTML5Networking.dll (API version 3944462).
LogModuleManager: Display: Found up-to-date module file ../../../Engine/Plugins/Media/AndroidMedia/Binaries/Win64/UE4Editor-AndroidMediaEditor.dll (API version 3944462).
LogModuleManager: Display: Found up-to-date module file ../../../Engine/Plugins/Media/AndroidMedia/Binaries/Win64/UE4Editor-AndroidMediaFactory.dll (API version 3944462).
LogModuleManager: Display: Found up-to-date module file ../../../Engine/Plugins/Media/AvfMedia/Binaries/Win64/UE4Editor-AvfMediaEditor.dll (API version 3944462).
LogModuleManager: Display: Found up-to-date module file ../../../Engine/Plugins/Media/AvfMedia/Binaries/Win64/UE4Editor-AvfMediaFactory.dll (API version 3944462).
LogModuleManager: Display: Found up-to-date module file ../../../Engine/Plugins/Media/AvfMedia/Binaries/Win64/UE4Editor-AvfMediaFactory.dll (API version 3944462).
LogModuleManager: Display: Found up-to-date module file ../../../Engine/Plugins/Media/ImgMedia/Binaries/Win64/UE4Editor-ImgMedia.dll (API version 3944462).
LogModuleManager: Display: Found up-to-date module file ../../../Engine/Plugins/Media/ImgMedia/Binaries/Win64/UE4Editor-ImgMediaEditor.dll (API version 3944462).
LogModuleManager: Display: Found up-to-date module file ../../../Engine/Plugins/Media/ImgMedia/Binaries/Win64/UE4Editor-ImgMediaFactory.dll (API version 3944462).
LogModuleManager: Display: Found up-to-date module file ../../../Engine/Plugins/Media/ImgMedia/Binaries/Win64/UE4Editor-ImgMediaFactory.dll (API version 3944462).
LogModuleManager: Display: Found up-to-date module file ../../../Engine/Plugins/Media/ImgMedia/Binaries/Win64/UE4Editor-OpenExrWrapper.dll (API version 3944462).
LogModuleManager: Display: Found up-to-date module file ../../../Engine/Plugins/Media/LinearTimecode/Binaries/Win64/UE4Editor-LinearTimecode.dll (API version 3944462).
LogModuleManager: Display: Found up-to-date module file ../../../Engine/Plugins/Media/MediaCompositing/Binaries/Win64/UE4Editor-MediaCompositing.dll (API version 3944462).
LogModuleManager: Display: Found up-to-date module file ../../../Engine/Plugins/Media/MediaCompositing/Binaries/Win64/UE4Editor-MediaCompositingEditor.dll (API version 3944462).
LogModuleManager: Display: Found up-to-date module file ../../../Engine/Plugins/Media/MediaPlayerEditor/Binaries/Win64/UE4Editor-MediaPlayerEditor.dll (API version 3944462).
LogModuleManager: Display: Found up-to-date module file ../../../Engine/Plugins/Media/WmfMedia/Binaries/Win64/UE4Editor-WmfMedia.dll (API version 3944462).
LogModuleManager: Display: Found up-to-date module file ../../../Engine/Plugins/Media/WmfMedia/Binaries/Win64/UE4Editor-WmfMediaEditor.dll (API version 3944462).
LogModuleManager: Display: Found up-to-date module file ../../../Engine/Plugins/Media/WmfMedia/Binaries/Win64/UE4Editor-WmfMediaFactory.dll (API version 3944462).
LogModuleManager: Display: Found up-to-date module file ../../../Engine/Plugins/Media/WmfMedia/Binaries/Win64/UE4Editor-WmfMediaFactory.dll (API version 3944462).
LogModuleManager: Display: Found up-to-date module file ../../../Engine/Plugins/Messaging/TcpMessaging/Binaries/Win64/UE4Editor-TcpMessaging.dll (API version 3944462).
LogModuleManager: Display: Found up-to-date module file ../../../Engine/Plugins/Messaging/UdpMessaging/Binaries/Win64/UE4Editor-UdpMessaging.dll (API version 3944462).
LogModuleManager: Display: Found up-to-date module file ../../../Engine/Plugins/MovieScene/ActorSequence/Binaries/Win64/UE4Editor-ActorSequence.dll (API version 3944462).
LogModuleManager: Display: Found up-to-date module file ../../../Engine/Plugins/MovieScene/LevelSequenceEditor/Binaries/Win64/UE4Editor-LevelSequenceEditor.dll (API version 3944462).
LogModuleManager: Display: Found up-to-date module file ../../../Engine/Plugins/MovieScene/MatineeToLevelSequence/Binaries/Win64/UE4Editor-MatineeToLevelSequence.dll (API version 3944462).
LogModuleManager: Display: Found up-to-date module file ../../../Engine/Plugins/NetcodeUnitTest/NetcodeUnitTest/Binaries/Win64/UE4Editor-NetcodeUnitTest.dll (API version 3944462).
LogModuleManager: Display: Found up-to-date module file ../../../Engine/Plugins/NetcodeUnitTest/NUTUnrealEngine4/Binaries/Win64/UE4Editor-NUTUnrealEngine4.dll (API version 3944462).
LogModuleManager: Display: Found up-to-date module file ../../../Engine/Plugins/Online/OnlineSubsystem/Binaries/Win64/UE4Editor-OnlineSubsystem.dll (API version 3944462).
LogModuleManager: Display: Found up-to-date module file ../../../Engine/Plugins/Online/OnlineSubsystemNull/Binaries/Win64/UE4Editor-OnlineSubsystemNull.dll (API version 3944462).
LogModuleManager: Display: Found up-to-date module file ../../../Engine/Plugins/Online/OnlineSubsystemUtils/Binaries/Win64/UE4Editor-OnlineSubsystemUtils.dll (API version 3944462).
LogModuleManager: Display: Found up-to-date module file ../../../Engine/Plugins/Online/OnlineSubsystemUtils/Binaries/Win64/UE4Editor-OnlineBlueprintSupport.dll (API version 3944462).
LogModuleManager: Display: Found up-to-date module file ../../../Engine/Plugins/Runtime/AndroidDeviceProfileSelector/Binaries/Win64/UE4Editor-AndroidDeviceProfileSelector.dll (API version 3944462).
LogModuleManager: Display: Found up-to-date module file ../../../Engine/Plugins/Runtime/AndroidPermission/Binaries/Win64/UE4Editor-AndroidPermission.dll (API version 3944462).
LogModuleManager: Display: Found up-to-date module file ../../../Engine/Plugins/Runtime/AppleARKit/Binaries/Win64/UE4Editor-AppleARKit.dll (API version 3944462).
LogModuleManager: Display: Found up-to-date module file ../../../Engine/Plugins/Runtime/ArchVisCharacter/Binaries/Win64/UE4Editor-ArchVisCharacter.dll (API version 3944462).
LogModuleManager: Display: Found up-to-date module file ../../../Engine/Plugins/Runtime/AudioCapture/Binaries/Win64/UE4Editor-AudioCapture.dll (API version 3944462).
LogModuleManager: Display: Found up-to-date module file ../../../Engine/Plugins/Runtime/AudioCapture/Binaries/Win64/UE4Editor-AudioCaptureEditor.dll (API version 3944462).
LogModuleManager: Display: Found up-to-date module file ../../../Engine/Plugins/Runtime/CableComponent/Binaries/Win64/UE4Editor-CableComponent.dll (API version 3944462).
LogModuleManager: Display: Found up-to-date module file ../../../Engine/Plugins/Runtime/CustomMeshComponent/Binaries/Win64/UE4Editor-CustomMeshComponent.dll (API version 3944462).
LogModuleManager: Display: Found up-to-date module file ../../../Engine/Plugins/Runtime/ExampleDeviceProfileSelector/Binaries/Win64/UE4Editor-ExampleDeviceProfileSelector.dll (API version 3944462).
LogModuleManager: Display: Found up-to-date module file ../../../Engine/Plugins/Runtime/ImmediatePhysics/Binaries/Win64/UE4Editor-ImmediatePhysics.dll (API version 3944462).
LogModuleManager: Display: Found up-to-date module file ../../../Engine/Plugins/Runtime/ImmediatePhysics/Binaries/Win64/UE4Editor-ImmediatePhysicsEditor.dll (API version 3944462).
LogModuleManager: Display: Found up-to-date module file ../../../Engine/Plugins/Runtime/LocationServicesBPLibrary/Binaries/Win64/UE4Editor-LocationServicesBPLibrary.dll (API version 3944462).
LogModuleManager: Display: Found up-to-date module file ../../../Engine/Plugins/Runtime/MobilePatchingUtils/Binaries/Win64/UE4Editor-MobilePatchingUtils.dll (API version 3944462).
LogModuleManager: Display: Found up-to-date module file ../../../Engine/Plugins/Runtime/Oculus/OculusVR/Binaries/Win64/UE4Editor-OculusHMD.dll (API version 3944462).
LogModuleManager: Display: Found up-to-date module file ../../../Engine/Plugins/Runtime/Oculus/OculusVR/Binaries/Win64/UE4Editor-OculusInput.dll (API version 3944462).
LogModuleManager: Display: Found up-to-date module file ../../../Engine/Plugins/Runtime/Oculus/OculusVR/Binaries/Win64/UE4Editor-OculusEditor.dll (API version 3944462).
LogModuleManager: Display: Found up-to-date module file ../../../Engine/Plugins/Runtime/PhysXVehicles/Binaries/Win64/UE4Editor-PhysXVehicles.dll (API version 3944462).
LogModuleManager: Display: Found up-to-date module file ../../../Engine/Plugins/Runtime/PhysXVehicles/Binaries/Win64/UE4Editor-PhysXVehiclesEditor.dll (API version 3944462).
LogModuleManager: Display: Found up-to-date module file ../../../Engine/Plugins/Runtime/ProceduralMeshComponent/Binaries/Win64/UE4Editor-ProceduralMeshComponent.dll (API version 3944462).
LogModuleManager: Display: Found up-to-date module file ../../../Engine/Plugins/Runtime/ProceduralMeshComponent/Binaries/Win64/UE4Editor-ProceduralMeshComponentEditor.dll (API version 3944462).
LogModuleManager: Display: Found up-to-date module file ../../../Engine/Plugins/Runtime/RuntimePhysXCooking/Binaries/Win64/UE4Editor-RuntimePhysXCooking.dll (API version 3944462).
LogModuleManager: Display: Found up-to-date module file ../../../Engine/Plugins/Runtime/Steam/SteamVR/Binaries/Win64/UE4Editor-SteamVR.dll (API version 3944462).
LogModuleManager: Display: Found up-to-date module file ../../../Engine/Plugins/Runtime/Steam/SteamVR/Binaries/Win64/UE4Editor-SteamVRController.dll (API version 3944462).
LogModuleManager: Display: Found up-to-date module file ../../../Engine/Plugins/Runtime/WindowsMoviePlayer/Binaries/Win64/UE4Editor-WindowsMoviePlayer.dll (API version 3944462).
LogInit: Using libcurl 7.47.1
LogInit:  - built for x86_64-pc-win32
LogInit:  - supports SSL with OpenSSL/1.0.2g
LogInit:  - supports HTTP deflate (compression) using libz 1.2.8
LogInit:  - other features:
LogInit:      CURL_VERSION_SSL
LogInit:      CURL_VERSION_LIBZ
LogInit:      CURL_VERSION_IPV6
LogInit:      CURL_VERSION_ASYNCHDNS
LogInit:      CURL_VERSION_LARGEFILE
LogInit:      CURL_VERSION_IDN
LogInit:  CurlRequestOptions (configurable via config and command line):
LogInit:  - bVerifyPeer = false  - Libcurl will NOT verify peer certificate
LogInit:  - bUseHttpProxy = false  - Libcurl will NOT use HTTP proxy
LogInit:  - bDontReuseConnections = false  - Libcurl will reuse connections
LogInit:  - CertBundlePath = nullptr  - Libcurl will use whatever was configured at build time.
LogInit:  - MaxHostConnections = 16  - Libcurl will limit the number of connections to a host
LogInit:  - LocalHostAddr = Default
LogInit: WinSock: version 1.1 (2.2), MaxSocks=32767, MaxUdp=65467
LogInit: WinSock: I am DESKTOP-4CUJCVN (192.168.1.129:0)
LogInit: Build: ++UE4+Release-4.19-CL-4033788
LogInit: Engine Version: 4.19.2-4033788+++UE4+Release-4.19
LogInit: Compatible Engine Version: 4.19.0-3944462+++UE4+Release-4.19
LogInit: Net CL: 3944462
LogDevObjectVersion: Number of dev versions registered: 18
LogDevObjectVersion:   Dev-Blueprints (B0D832E4-1F89-4F0D-ACCF-7EB736FD4AA2): 10
LogDevObjectVersion:   Dev-Build (E1C64328-A22C-4D53-A36C-8E866417BD8C): 0
LogDevObjectVersion:   Dev-Core (375EC13C-06E4-48FB-B500-84F0262A717E): 2
LogDevObjectVersion:   Dev-Editor (E4B068ED-F494-42E9-A231-DA0B2E46BB41): 23
LogDevObjectVersion:   Dev-Framework (CFFC743F-43B0-4480-9391-14DF171D2073): 33
LogDevObjectVersion:   Dev-Mobile (B02B49B5-BB20-44E9-A304-32B752E40360): 2
LogDevObjectVersion:   Dev-Networking (A4E4105C-59A1-49B5-A7C5-40C4547EDFEE): 0
LogDevObjectVersion:   Dev-Online (39C831C9-5AE6-47DC-9A44-9C173E1C8E7C): 0
LogDevObjectVersion:   Dev-Physics (78F01B33-EBEA-4F98-B9B4-84EACCB95AA2): 0
LogDevObjectVersion:   Dev-Platform (6631380F-2D4D-43E0-8009-CF276956A95A): 0
LogDevObjectVersion:   Dev-Rendering (12F88B9F-8875-4AFC-A67C-D90C383ABD29): 25
LogDevObjectVersion:   Dev-Sequencer (7B5AE74C-D270-4C10-A958-57980B212A5A): 6
LogDevObjectVersion:   Dev-VR (D7296918-1DD6-4BDD-9DE2-64A83CC13884): 1
LogDevObjectVersion:   Dev-LoadTimes (C2A15278-BFE7-4AFE-6C17-90FF531DF755): 1
LogDevObjectVersion:   Private-Geometry (6EACA3D4-40EC-4CC1-B786-8BED09428FC5): 2
LogDevObjectVersion:   Dev-AnimPhys (29E575DD-E0A3-4627-9D10-D276232CDCEA): 16
LogDevObjectVersion:   Dev-ReflectionCapture (6B266CEC-1EC7-4B8F-A30B-E4D90942FC07): 1
LogDevObjectVersion:   Dev-Automation (0DF73D61-A23F-47EA-B727-89E90C41499A): 1
LogInit: Compiled (64-bit): Apr 27 2018 02:06:57
LogInit: Compiled with Visual C++: 19.00.24215.01
LogInit: Build Configuration: Development
LogInit: Branch Name: ++UE4+Release-4.19
LogInit: Command Line: 
LogInit: Base Directory: J:/GameMake/UE_4.19/Engine/Binaries/Win64/
LogInit: Installed Engine Build: 1
LogStreaming: Display: Took  0.000s to delete old logs.
LogInit: Presizing for max 8388607 objects, including 0 objects not considered by GC, pre-allocating 0 bytes for permanent pool.
LogInit: Object subsystem initialized
[2019.03.05-06.52.36:561][  0]LogInit: Selected Device Profile: [Windows]
[2019.03.05-06.52.36:561][  0]LogInit: Applying CVar settings loaded from the selected device profile: [Windows]
[2019.03.05-06.52.36:580][  0]LogInit: Computer: DESKTOP-4CUJCVN
[2019.03.05-06.52.36:580][  0]LogInit: User: ustc
[2019.03.05-06.52.36:580][  0]LogInit: CPU Page size=4096, Cores=4
[2019.03.05-06.52.36:580][  0]LogInit: High frequency timer resolution =4.101565 MHz
[2019.03.05-06.52.36:581][  0]LogMemory: Memory total: Physical=15.9GB (16GB approx)
[2019.03.05-06.52.36:581][  0]LogMemory: Platform Memory Stats for Windows
[2019.03.05-06.52.36:581][  0]LogMemory: Process Physical Memory: 274.28 MB used, 274.28 MB peak
[2019.03.05-06.52.36:581][  0]LogMemory: Process Virtual Memory: 264.70 MB used, 264.70 MB peak
[2019.03.05-06.52.36:581][  0]LogMemory: Physical Memory: 6883.34 MB used,  9435.00 MB free, 16318.35 MB total
[2019.03.05-06.52.36:581][  0]LogMemory: Virtual Memory: 4790.82 MB used,  9435.00 MB free, 134217728.00 MB total
[2019.03.05-06.52.36:675][  0]LogInit: Overriding language with editor language configuration option (en).
[2019.03.05-06.52.36:675][  0]LogInit: Overriding locale with editor locale configuration option (en).
[2019.03.05-06.52.36:980][  0]LogStreaming: Display: Took  0.305s to EndInitTextLocalization.
[2019.03.05-06.52.36:980][  0]LogInit: Setting process to per monitor DPI aware
[2019.03.05-06.52.37:023][  0]LogSlate: New Slate User Created.  User Index 0, Is Virtual User: 0
[2019.03.05-06.52.37:023][  0]LogSlate: Slate User Registered.  User Index 0, Is Virtual User: 0
[2019.03.05-06.52.37:142][  0]LogD3D11RHI: D3D11 adapters:
[2019.03.05-06.52.37:236][  0]LogD3D11RHI:    0. 'NVIDIA GeForce RTX 2080 Ti' (Feature Level 11_0)
[2019.03.05-06.52.37:236][  0]LogD3D11RHI:       11048/0/8159 MB DedicatedVideo/DedicatedSystem/SharedSystem, Outputs:1, VendorId:0x10de
[2019.03.05-06.52.37:239][  0]LogD3D11RHI:    1. 'Microsoft Basic Render Driver' (Feature Level 11_0)
[2019.03.05-06.52.37:239][  0]LogD3D11RHI:       0/0/8159 MB DedicatedVideo/DedicatedSystem/SharedSystem, Outputs:0, VendorId:0x1414
[2019.03.05-06.52.37:239][  0]LogD3D11RHI: Chosen D3D11 Adapter: 0
[2019.03.05-06.52.37:246][  0]LogD3D11RHI: Creating new Direct3DDevice
[2019.03.05-06.52.37:246][  0]LogD3D11RHI:     GPU DeviceId: 0x1e07 (for the marketing name, search the web for "GPU Device Id")
[2019.03.05-06.52.37:246][  0]LogWindows: EnumDisplayDevices:
[2019.03.05-06.52.37:246][  0]LogWindows:    0. 'NVIDIA GeForce RTX 2080 Ti' (P:1 D:1)
[2019.03.05-06.52.37:247][  0]LogWindows:    1. 'NVIDIA GeForce RTX 2080 Ti' (P:0 D:0)
[2019.03.05-06.52.37:247][  0]LogWindows:    2. 'NVIDIA GeForce RTX 2080 Ti' (P:0 D:0)
[2019.03.05-06.52.37:248][  0]LogWindows:    3. 'NVIDIA GeForce RTX 2080 Ti' (P:0 D:0)
[2019.03.05-06.52.37:249][  0]LogWindows: DebugString: GetVideoDriverDetailsInvalid PrimaryIsNotTheChoosenAdapter GetVideoDriverDetailsInvalid PrimaryIsNotTheChoosenAdapter GetVideoDriverDetailsInvalid PrimaryIsNotTheChoosenAdapter GetVideoDriverDetailsInvalid PrimaryIsNotTheChoosenAdapter FoundDriverCount:0 
[2019.03.05-06.52.37:249][  0]LogD3D11RHI:     Adapter Name: NVIDIA GeForce RTX 2080 Ti
[2019.03.05-06.52.37:249][  0]LogD3D11RHI:   Driver Version: Unknown (internal:Unknown, unified:Unknown)
[2019.03.05-06.52.37:249][  0]LogD3D11RHI:      Driver Date: Unknown
[2019.03.05-06.52.37:249][  0]LogRHI: Texture pool is 7733 MB (70% of 11048 MB)
[2019.03.05-06.52.37:293][  0]LogD3D11RHI: [Aftermath] Aftermath enabled and primed
[2019.03.05-06.52.37:293][  0]LogD3D11RHI: [Aftermath] Aftermath enabled and primed
[2019.03.05-06.52.37:293][  0]LogD3D11RHI: Async texture creation enabled
[2019.03.05-06.52.37:309][  0]LogD3D11RHI: GPU Timing Frequency: 1000.000000 (Debug: 2 2)
[2019.03.05-06.52.37:356][  0]LogShaderCompilers: Guid format shader working directory is 9 characters bigger than the processId version (E:/GitHub/UE4/TankBattle/BattleTank/Intermediate/Shaders/WorkingDirectory/19216/).
[2019.03.05-06.52.37:357][  0]LogShaderCompilers: Cleaned the shader compiler working directory 'C:/Users/ustc/AppData/Local/Temp/UnrealShaderWorkingDir/039E8F7F484B9D42AE81A2B366698D52/'.
[2019.03.05-06.52.37:597][  0]LogTemp: Display: Loaded TP AllDesktopTargetPlatform
[2019.03.05-06.52.37:608][  0]LogTemp: Display: Loaded TP MacClientTargetPlatform
[2019.03.05-06.52.37:619][  0]LogTemp: Display: Loaded TP MacNoEditorTargetPlatform
[2019.03.05-06.52.37:629][  0]LogTemp: Display: Loaded TP MacServerTargetPlatform
[2019.03.05-06.52.37:640][  0]LogTemp: Display: Loaded TP MacTargetPlatform
[2019.03.05-06.52.37:651][  0]LogTemp: Display: Loaded TP WindowsClientTargetPlatform
[2019.03.05-06.52.37:663][  0]LogTemp: Display: Loaded TP WindowsNoEditorTargetPlatform
[2019.03.05-06.52.37:676][  0]LogTemp: Display: Loaded TP WindowsServerTargetPlatform
[2019.03.05-06.52.37:686][  0]LogTemp: Display: Loaded TP WindowsTargetPlatform
[2019.03.05-06.52.37:700][  0]LogTemp: Display: Loaded TP Android_ASTCTargetPlatform
[2019.03.05-06.52.37:710][  0]LogTemp: Display: Loaded TP Android_ATCTargetPlatform
[2019.03.05-06.52.37:720][  0]LogTemp: Display: Loaded TP Android_DXTTargetPlatform
[2019.03.05-06.52.37:732][  0]LogTemp: Display: Loaded TP Android_ETC1aTargetPlatform
[2019.03.05-06.52.37:742][  0]LogTemp: Display: Loaded TP Android_ETC1TargetPlatform
[2019.03.05-06.52.37:752][  0]LogTemp: Display: Loaded TP Android_ETC2TargetPlatform
[2019.03.05-06.52.37:778][  0]LogTemp: Display: Loaded TP Android_MultiTargetPlatform
[2019.03.05-06.52.37:779][  0]LogTemp: Display: Loaded TP Android_PVRTCTargetPlatform
[2019.03.05-06.52.37:790][  0]LogTemp: Display: Loaded TP AndroidTargetPlatform
[2019.03.05-06.52.37:793][  0]LogTemp: Display: Loaded TP HTML5TargetPlatform
[2019.03.05-06.52.37:830][  0]LogTemp: Display: Loaded TP IOSTargetPlatform
[2019.03.05-06.52.37:841][  0]LogTemp: Display: Loaded TP TVOSTargetPlatform
[2019.03.05-06.52.37:851][  0]LogTemp: Display: Loaded TP LinuxClientTargetPlatform
[2019.03.05-06.52.37:860][  0]LogTemp: Display: Loaded TP LinuxNoEditorTargetPlatform
[2019.03.05-06.52.37:871][  0]LogTemp: Display: Loaded TP LinuxServerTargetPlatform
[2019.03.05-06.52.37:884][  0]LogTemp: Display: Loaded TP LinuxTargetPlatform
[2019.03.05-06.52.37:884][  0]LogTargetPlatformManager: Display: Building Assets For Windows
[2019.03.05-06.52.37:979][  0]LogXGEController: Cannot use XGE Controller as Incredibuild is not installed on this machine.
[2019.03.05-06.52.37:979][  0]LogShaderCompilers: Cannot use XGE Shader Compiler as Incredibuild is not installed on this machine.
[2019.03.05-06.52.37:979][  0]LogShaderCompilers: Display: Using Local Shader Compiler.
[2019.03.05-06.52.38:504][  0]LogDerivedDataCache: Display: Max Cache Size: 512 MB
[2019.03.05-06.52.38:572][  0]LogDerivedDataCache: Loaded boot cache 0.07s 74MB C:/Users/ustc/AppData/Local/UnrealEngine/4.19/DerivedDataCache/Boot.ddc.
[2019.03.05-06.52.38:572][  0]LogDerivedDataCache: Display: Loaded Boot cache: C:/Users/ustc/AppData/Local/UnrealEngine/4.19/DerivedDataCache/Boot.ddc
[2019.03.05-06.52.38:572][  0]LogDerivedDataCache: FDerivedDataBackendGraph:  Pak pak cache file E:/GitHub/UE4/TankBattle/BattleTank/DerivedDataCache/DDC.ddp not found, will not use a pak cache.
[2019.03.05-06.52.38:573][  0]LogDerivedDataCache: Unable to find inner node Pak for hierarchical cache Hierarchy.
[2019.03.05-06.52.38:573][  0]LogDerivedDataCache: FDerivedDataBackendGraph:  CompressedPak pak cache file E:/GitHub/UE4/TankBattle/BattleTank/DerivedDataCache/Compressed.ddp not found, will not use a pak cache.
[2019.03.05-06.52.38:573][  0]LogDerivedDataCache: Unable to find inner node CompressedPak for hierarchical cache Hierarchy.
[2019.03.05-06.52.38:584][  0]LogDerivedDataCache: Display: Pak cache opened for reading ../../../Engine/DerivedDataCache/Compressed.ddp.
[2019.03.05-06.52.38:599][  0]LogDerivedDataCache: Using Local data cache path C:/Users/ustc/AppData/Local/UnrealEngine/Common/DerivedDataCache: Writable
[2019.03.05-06.52.38:599][  0]LogDerivedDataCache: Shared data cache path not found in *engine.ini, will not use an Shared cache.
[2019.03.05-06.52.38:599][  0]LogDerivedDataCache: Unable to find inner node Shared for hierarchical cache Hierarchy.
[2019.03.05-06.52.38:608][  0]LogMaterial: Verifying Global Shaders for PCD3D_SM5
[2019.03.05-06.52.38:608][  0]LogSlate: Using Freetype 2.6.0
[2019.03.05-06.52.38:608][  0]LogSlate: SlateFontCache - WITH_FREETYPE: 1, WITH_HARFBUZZ: 1
[2019.03.05-06.52.38:608][  0]LogSlate: SlateFontCache - WITH_FREETYPE: 1, WITH_HARFBUZZ: 1
[2019.03.05-06.52.38:711][  0]LogAssetRegistry: FAssetRegistry took 0.0249 seconds to start up
[2019.03.05-06.52.38:931][  0]LogInit: Selected Device Profile: [Windows]
[2019.03.05-06.52.39:038][  0]LogSimplygon: Simplygon DLL not present - disabling.
[2019.03.05-06.52.39:041][  0]LogMeshReduction: Using SimplygonSwarm for distributed automatic mesh merging
[2019.03.05-06.52.39:041][  0]LogMeshReduction: Using QuadricMeshReduction for automatic static mesh reduction
[2019.03.05-06.52.39:041][  0]LogMeshReduction: No automatic skeletal mesh reduction module available
[2019.03.05-06.52.39:041][  0]LogMeshReduction: No automatic mesh merging module available
[2019.03.05-06.52.39:041][  0]LogMeshMerging: No automatic mesh merging module available
[2019.03.05-06.52.39:069][  0]LogNetVersion: BattleTank , NetCL: 3944462, EngineNetVer: 2, GameNetVer: 0 (Checksum: 612388110)
[2019.03.05-06.52.39:461][  0]LogPackageLocalizationCache: Processed 9 localized package path(s) for 1 prioritized culture(s) in 0.048126 seconds
[2019.03.05-06.52.39:465][  0]LogUObjectArray: 36728 objects as part of root set at end of initial load.
[2019.03.05-06.52.39:465][  0]LogUObjectAllocator: 7314304 out of 0 bytes used by permanent object pool.
[2019.03.05-06.52.39:465][  0]LogUObjectArray: CloseDisregardForGC: 0/0 objects in disregard for GC pool
[2019.03.05-06.52.40:605][  0]LogTcpMessaging: Initializing TcpMessaging bridge
[2019.03.05-06.52.40:627][  0]LogUdpMessaging: Initializing bridge on interface 0.0.0.0:0 to multicast group 230.0.0.1:6666.
[2019.03.05-06.52.40:949][  0]SourceControl: Source control is disabled
[2019.03.05-06.52.40:949][  0]SourceControl: Source control is disabled
[2019.03.05-06.52.40:960][  0]SourceControl: Source control is disabled
[2019.03.05-06.52.40:971][  0]SourceControl: Source control is disabled
[2019.03.05-06.52.41:393][  0]LogAndroidPermission: UAndroidPermissionCallbackProxy::GetInstance
[2019.03.05-06.52.41:556][  0]LogOcInput: OculusInput pre-init called
[2019.03.05-06.52.41:631][  0]LogEngine: Initializing Engine...
[2019.03.05-06.52.41:634][  0]LogHMD: Failed to initialize OpenVR with code 110
[2019.03.05-06.52.41:635][  0]LogStats: UGameplayTagsManager::ConstructGameplayTagTree: Construct from data asset -  0.000 s
[2019.03.05-06.52.41:635][  0]LogStats: UGameplayTagsManager::ConstructGameplayTagTree: GameplayTagTreeChangedEvent.Broadcast -  0.000 s
[2019.03.05-06.52.41:804][  0]LogAIModule: Creating AISystem for world Untitled
[2019.03.05-06.52.41:840][  0]LogInit: XAudio2 using 'S24E360 (NVIDIA High Definition Audio)' : 2 channels at 48 kHz using 16 bits per sample (channel mask 0x3)
[2019.03.05-06.52.41:884][  0]LogInit: FAudioDevice initialized.
[2019.03.05-06.52.41:967][  0]LogDerivedDataCache: Saved boot cache 0.08s 74MB C:/Users/ustc/AppData/Local/UnrealEngine/4.19/DerivedDataCache/Boot.ddc.
[2019.03.05-06.52.41:987][  0]LogInit: Texture streaming: Enabled
[2019.03.05-06.52.42:011][  0]LogEngineSessionManager: EngineSessionManager initialized
[2019.03.05-06.52.42:024][  0]LogInit: Transaction tracking system initialized
[2019.03.05-06.52.42:045][  0]BlueprintLog: New page: Editor Load
[2019.03.05-06.52.42:114][  0]LocalizationService: Localization service is disabled
[2019.03.05-06.52.42:192][  0]LogConsoleResponse: Display: 
[2019.03.05-06.52.42:314][  0]LogCook: Display: Max memory allowance for cook 16384mb min free memory 0mb
[2019.03.05-06.52.42:314][  0]LogFileCache: Scanning file cache for directory 'E:/GitHub/UE4/TankBattle/BattleTank/Content/' took 0.01s
[2019.03.05-06.52.42:314][  0]LogCook: Display: Mobile HDR setting 1
[2019.03.05-06.52.42:314][  0]LogGameplayTags: Display: UGameplayTagsManager::DoneAddingNativeTags. DelegateIsBound: 0
[2019.03.05-06.52.42:314][  0]LogStats: UGameplayTagsManager::ConstructGameplayTagTree: Construct from data asset -  0.000 s
[2019.03.05-06.52.42:314][  0]LogStats: UGameplayTagsManager::ConstructGameplayTagTree: GameplayTagTreeChangedEvent.Broadcast -  0.000 s
[2019.03.05-06.52.42:552][  0]SourceControl: Source control is disabled
[2019.03.05-06.52.42:552][  0]Cmd: MAP LOAD FILE="../../../Engine/Content/Maps/Templates/Template_Default.umap" TEMPLATE=1 SHOWPROGRESS=1 FEATURELEVEL=3
[2019.03.05-06.52.42:552][  0]LightingResults: New page: Lighting Build
[2019.03.05-06.52.42:554][  0]MapCheck: New page: Map Check
[2019.03.05-06.52.42:554][  0]LightingResults: New page: Lighting Build
[2019.03.05-06.52.42:688][  0]LogAIModule: Creating AISystem for world Untitled_1
[2019.03.05-06.52.42:693][  0]LogEditorServer: Finished looking for orphan Actors (0.000 secs)
[2019.03.05-06.52.42:702][  0]Cmd: MAP CHECKDEP NOCLEARLOG
[2019.03.05-06.52.42:743][  0]MapCheck: Map check complete: 0 Error(s), 0 Warning(s), took 41.223ms to complete.
[2019.03.05-06.52.42:743][  0]LogFileHelpers: Loading map 'Template_Default' took 0.191
[2019.03.05-06.52.42:948][  0]LogCollectionManager: Loaded 0 collections in 0.001108 seconds
[2019.03.05-06.52.42:991][  0]LogFileCache: Scanning file cache for directory 'E:/GitHub/UE4/TankBattle/BattleTank/Saved/Collections/' took 0.01s
[2019.03.05-06.52.42:992][  0]LogFileCache: Scanning file cache for directory 'E:/GitHub/UE4/TankBattle/BattleTank/Content/Developers/ustc/Collections/' took 0.01s
[2019.03.05-06.52.42:992][  0]LogFileCache: Scanning file cache for directory 'E:/GitHub/UE4/TankBattle/BattleTank/Content/Collections/' took 0.01s
[2019.03.05-06.52.42:992][  0]LogCollectionManager: Rebuilt the GUID cache for 0 collections in 0.000000 seconds
[2019.03.05-06.52.43:006][  0]LogContentBrowser: Native class hierarchy populated in 0.0137 seconds. Added 2453 classes and 560 folders.
[2019.03.05-06.52.43:017][  0]LogContentBrowser: Native class hierarchy updated for 'WidgetCarousel' in 0.0008 seconds. Added 0 classes and 0 folders.
[2019.03.05-06.52.43:044][  0]LogContentBrowser: Native class hierarchy updated for 'AddContentDialog' in 0.0004 seconds. Added 0 classes and 0 folders.
[2019.03.05-06.52.43:050][  0]LogContentBrowser: Native class hierarchy updated for 'SceneOutliner' in 0.0004 seconds. Added 1 classes and 2 folders.
[2019.03.05-06.52.43:065][  0]LogSlate: Took 0.000156 seconds to synchronously load lazily loaded font '../../../Engine/Content/Slate/Fonts/Roboto-Regular.ttf' (155K)
[2019.03.05-06.52.43:067][  0]LogSlate: Took 0.000173 seconds to synchronously load lazily loaded font '../../../Engine/Content/Slate/Fonts/Roboto-Bold.ttf' (160K)
[2019.03.05-06.52.43:071][  0]LogSlate: Took 0.000158 seconds to synchronously load lazily loaded font '../../../Engine/Content/Editor/Slate/Fonts/FontAwesome.ttf' (139K)
[2019.03.05-06.52.43:071][  0]LogSlate: Took 0.000094 seconds to synchronously load lazily loaded font '../../../Engine/Content/Slate/Fonts/DroidSansMono.ttf' (77K)
[2019.03.05-06.52.43:170][  0]LogRenderer: Reallocating scene render targets to support 1156x560 Format 10 NumSamples 1 (Frame:1).
[2019.03.05-06.52.43:252][  0]LogContentBrowser: Native class hierarchy updated for 'HierarchicalLODOutliner' in 0.0004 seconds. Added 0 classes and 0 folders.
[2019.03.05-06.52.43:252][  0]LogLoad: (Engine Initialization) Total time: 8.80 seconds
[2019.03.05-06.52.43:252][  0]LogLoad: (Engine Initialization) Total Blueprint compile time: 0.00 seconds
[2019.03.05-06.52.43:272][  0]LogWindowsTextInputMethodSystem: Display: IME system now activated using TSF (搜狗拼音输入法).
[2019.03.05-06.52.43:277][  0]LogSlate: Took 0.004037 seconds to synchronously load lazily loaded font '../../../Engine/Content/Slate/Fonts/DroidSansFallback.ttf' (3848K)
[2019.03.05-06.52.43:303][  0]LogContentStreaming: Texture pool size now 1000 MB
[2019.03.05-06.52.43:338][  1]LogAssetRegistry: Asset discovery search completed in 4.6486 seconds
[2019.03.05-06.52.43:339][  1]LogCollectionManager: Rebuilt the object cache for 0 collections in 0.000000 seconds (found 0 objects)
[2019.03.05-06.52.43:339][  1]LogCollectionManager: Fixed up redirectors for 0 collections in 0.000192 seconds (updated 0 objects)
[2019.03.05-06.52.45:438][246]LogEditorViewport: Clicking on Actor (LMB): StaticMeshActor (Floor)
[2019.03.05-06.52.47:406][475]Cmd: DELETE
[2019.03.05-06.52.47:406][475]Cmd: ACTOR DELETE
[2019.03.05-06.52.47:407][475]LogEditorActor: Deleted Actor: StaticMeshActor
[2019.03.05-06.52.47:415][475]LogEditorActor: Deleted 1 Actors (0.009 secs)
[2019.03.05-06.52.49:711][750]LogSlate: FSceneViewport::OnFocusLost() reason 0
[2019.03.05-06.52.57:154][623]LogRenderer: Reallocating scene render targets to support 1160x560 Format 10 NumSamples 1 (Frame:1613).
[2019.03.05-06.53.03:063][262]LogMaterial: Missing cached shader map for material LayerVisMaterial, compiling. 
[2019.03.05-06.53.03:103][262]LogShaderCompilers: Display: Shaders left to compile 8
[2019.03.05-06.53.03:103][262]LogMaterial: Missing cached shader map for material SelectBrushMaterial, compiling. 
[2019.03.05-06.53.03:131][262]LogMaterial: Missing cached shader map for material SelectBrushMaterial, compiling. 
[2019.03.05-06.53.03:202][262]LogShaderCompilers: Display: Shaders left to compile 20
[2019.03.05-06.53.03:202][262]LogShaderCompilers: Display: Shaders left to compile 10
[2019.03.05-06.53.03:202][262]LogMaterial: Missing cached shader map for material MaskBrushMaterial, compiling. 
[2019.03.05-06.53.03:254][262]LogShaderCompilers: Display: Shaders left to compile 40
[2019.03.05-06.53.03:254][262]LogMaterial: Missing cached shader map for material LandscapeLayerUsageMaterial, compiling. 
[2019.03.05-06.53.03:306][262]LogMaterial: Missing cached shader map for material CircleBrushMaterial, compiling. 
[2019.03.05-06.53.03:314][262]LogMaterial: Missing cached shader map for material CircleBrushMaterial, compiling. 
[2019.03.05-06.53.03:324][262]LogMaterial: Missing cached shader map for material CircleBrushMaterial, compiling. 
[2019.03.05-06.53.03:333][262]LogMaterial: Missing cached shader map for material CircleBrushMaterial, compiling. 
[2019.03.05-06.53.03:346][262]LogMaterial: Missing cached shader map for material AlphaBrushMaterial, compiling. 
[2019.03.05-06.53.03:360][262]LogMaterial: Missing cached shader map for material CircleBrushMaterial, compiling. 
[2019.03.05-06.53.03:371][262]LogMaterial: Missing cached shader map for material MaskBrushMaterial, compiling. 
[2019.03.05-06.53.03:383][262]LogTexture: Display: Building textures: Texture2D_2 (G8, 128X128)
[2019.03.05-06.53.04:974][400]LogEditorSelectUtils: Warning: SelectActor: The requested operation could not be completed because the actor has invalid flags. (Landscape)
[2019.03.05-06.53.04:974][400]LogActorComponent: RegisterComponentWithWorld: (/Temp/Untitled_1.Untitled_1:PersistentLevel.Landscape_2.RootComponent0) Trying to register component with IsPendingKill() == true. Aborting.
[2019.03.05-06.53.04:975][400]LogEditorSelectUtils: Warning: SelectActor: The requested operation could not be completed because the actor has invalid flags. (Landscape)
[2019.03.05-06.53.05:159][415]LogShaderCompilers: Display: Shaders left to compile 178
[2019.03.05-06.53.05:961][497]LogShaderCompilers: Display: Shaders left to compile 168
[2019.03.05-06.53.06:024][503]LogShaderCompilers: Display: Shaders left to compile 158
[2019.03.05-06.53.06:067][506]LogShaderCompilers: Display: Shaders left to compile 148
[2019.03.05-06.53.07:532][657]LogShaderCompilers: Display: Shaders left to compile 138
[2019.03.05-06.53.08:067][712]LogShaderCompilers: Display: Shaders left to compile 128
[2019.03.05-06.53.08:391][744]LogShaderCompilers: Display: Shaders left to compile 118
[2019.03.05-06.53.08:413][746]LogShaderCompilers: Display: Shaders left to compile 108
[2019.03.05-06.53.10:040][914]LogShaderCompilers: Display: Shaders left to compile 98
[2019.03.05-06.53.10:562][970]LogShaderCompilers: Display: Shaders left to compile 88
[2019.03.05-06.53.10:877][  3]LogShaderCompilers: Display: Shaders left to compile 78
[2019.03.05-06.53.10:946][ 11]LogShaderCompilers: Display: Shaders left to compile 68
[2019.03.05-06.53.12:589][181]LogShaderCompilers: Display: Shaders left to compile 58
[2019.03.05-06.53.13:083][234]LogShaderCompilers: Display: Shaders left to compile 48
[2019.03.05-06.53.13:442][265]LogShaderCompilers: Display: Shaders left to compile 38
[2019.03.05-06.53.13:487][270]LogShaderCompilers: Display: Shaders left to compile 28
[2019.03.05-06.53.15:049][430]LogShaderCompilers: Display: Shaders left to compile 18
[2019.03.05-06.53.15:492][479]LogShaderCompilers: Display: Shaders left to compile 8
[2019.03.05-06.53.21:312][167]LogSlate: FSceneViewport::OnFocusLost() reason 0
[2019.03.05-06.53.46:190][105]LogSlate: FSceneViewport::OnFocusLost() reason 2
[2019.03.05-06.53.48:293][350]LogSlate: FSceneViewport::OnFocusLost() reason 2
[2019.03.05-06.53.51:491][350]LogSlate: Window 'Save Asset As' being destroyed
[2019.03.05-06.53.52:443][462]LogSlate: FSceneViewport::OnFocusLost() reason 2
[2019.03.05-06.54.19:670][712]LogSlate: Took 0.000161 seconds to synchronously load lazily loaded font '../../../Engine/Content/Slate/Fonts/Roboto-Light.ttf' (167K)
[2019.03.05-06.54.19:730][712]LogTexture: Display: Building textures: Texture2D_0 (BGRA8, 512X512)
[2019.03.05-06.54.19:745][712]LogMaterial: Missing cached shader map for material WorldGridMaterial, compiling. Is special engine material.
[2019.03.05-06.54.25:541][712]LogShaderCompilers: Display: Shaders left to compile 112
[2019.03.05-06.54.25:541][712]LogShaderCompilers: Display: Shaders left to compile 111
[2019.03.05-06.54.25:541][712]LogShaderCompilers: Display: Shaders left to compile 110
[2019.03.05-06.54.25:541][712]LogShaderCompilers: Display: Shaders left to compile 109
[2019.03.05-06.54.25:541][712]LogShaderCompilers: Display: Shaders left to compile 108
[2019.03.05-06.54.25:541][712]LogShaderCompilers: Display: Shaders left to compile 107
[2019.03.05-06.54.25:541][712]LogShaderCompilers: Display: Shaders left to compile 106
[2019.03.05-06.54.25:541][712]LogShaderCompilers: Display: Shaders left to compile 105
[2019.03.05-06.54.25:541][712]LogShaderCompilers: Display: Shaders left to compile 104
[2019.03.05-06.54.25:541][712]LogShaderCompilers: Display: Shaders left to compile 103
[2019.03.05-06.54.25:541][712]LogShaderCompilers: Display: Shaders left to compile 102
[2019.03.05-06.54.25:542][712]LogShaderCompilers: Display: Shaders left to compile 101
[2019.03.05-06.54.25:542][712]LogShaderCompilers: Display: Shaders left to compile 100
[2019.03.05-06.54.25:542][712]LogShaderCompilers: Display: Shaders left to compile 99
[2019.03.05-06.54.25:542][712]LogShaderCompilers: Display: Shaders left to compile 98
[2019.03.05-06.54.25:542][712]LogShaderCompilers: Display: Shaders left to compile 97
[2019.03.05-06.54.25:542][712]LogShaderCompilers: Display: Shaders left to compile 96
[2019.03.05-06.54.25:542][712]LogShaderCompilers: Display: Shaders left to compile 95
[2019.03.05-06.54.25:542][712]LogShaderCompilers: Display: Shaders left to compile 94
[2019.03.05-06.54.25:542][712]LogShaderCompilers: Display: Shaders left to compile 93
[2019.03.05-06.54.25:542][712]LogShaderCompilers: Display: Shaders left to compile 92
[2019.03.05-06.54.25:542][712]LogShaderCompilers: Display: Shaders left to compile 91
[2019.03.05-06.54.25:542][712]LogShaderCompilers: Display: Shaders left to compile 90
[2019.03.05-06.54.25:542][712]LogShaderCompilers: Display: Shaders left to compile 89
[2019.03.05-06.54.25:542][712]LogShaderCompilers: Display: Shaders left to compile 88
[2019.03.05-06.54.25:543][712]LogShaderCompilers: Display: Shaders left to compile 87
[2019.03.05-06.54.25:543][712]LogShaderCompilers: Display: Shaders left to compile 86
[2019.03.05-06.54.25:543][712]LogShaderCompilers: Display: Shaders left to compile 85
[2019.03.05-06.54.25:543][712]LogShaderCompilers: Display: Shaders left to compile 84
[2019.03.05-06.54.25:543][712]LogShaderCompilers: Display: Shaders left to compile 83
[2019.03.05-06.54.25:543][712]LogShaderCompilers: Display: Shaders left to compile 82
[2019.03.05-06.54.25:543][712]LogShaderCompilers: Display: Shaders left to compile 81
[2019.03.05-06.54.25:543][712]LogShaderCompilers: Display: Shaders left to compile 80
[2019.03.05-06.54.25:543][712]LogShaderCompilers: Display: Shaders left to compile 79
[2019.03.05-06.54.25:543][712]LogShaderCompilers: Display: Shaders left to compile 78
[2019.03.05-06.54.25:543][712]LogShaderCompilers: Display: Shaders left to compile 77
[2019.03.05-06.54.25:543][712]LogShaderCompilers: Display: Shaders left to compile 76
[2019.03.05-06.54.25:543][712]LogShaderCompilers: Display: Shaders left to compile 75
[2019.03.05-06.54.25:543][712]LogShaderCompilers: Display: Shaders left to compile 74
[2019.03.05-06.54.25:544][712]LogShaderCompilers: Display: Shaders left to compile 73
[2019.03.05-06.54.25:544][712]LogShaderCompilers: Display: Shaders left to compile 72
[2019.03.05-06.54.25:544][712]LogShaderCompilers: Display: Shaders left to compile 71
[2019.03.05-06.54.25:544][712]LogShaderCompilers: Display: Shaders left to compile 70
[2019.03.05-06.54.25:544][712]LogShaderCompilers: Display: Shaders left to compile 69
[2019.03.05-06.54.25:544][712]LogShaderCompilers: Display: Shaders left to compile 68
[2019.03.05-06.54.25:544][712]LogShaderCompilers: Display: Shaders left to compile 67
[2019.03.05-06.54.25:544][712]LogShaderCompilers: Display: Shaders left to compile 66
[2019.03.05-06.54.25:544][712]LogShaderCompilers: Display: Shaders left to compile 65
[2019.03.05-06.54.25:544][712]LogShaderCompilers: Display: Shaders left to compile 64
[2019.03.05-06.54.25:544][712]LogShaderCompilers: Display: Shaders left to compile 63
[2019.03.05-06.54.25:544][712]LogShaderCompilers: Display: Shaders left to compile 62
[2019.03.05-06.54.25:544][712]LogShaderCompilers: Display: Shaders left to compile 61
[2019.03.05-06.54.25:544][712]LogShaderCompilers: Display: Shaders left to compile 60
[2019.03.05-06.54.25:545][712]LogShaderCompilers: Display: Shaders left to compile 59
[2019.03.05-06.54.25:545][712]LogShaderCompilers: Display: Shaders left to compile 58
[2019.03.05-06.54.25:545][712]LogShaderCompilers: Display: Shaders left to compile 57
[2019.03.05-06.54.25:545][712]LogShaderCompilers: Display: Shaders left to compile 56
[2019.03.05-06.54.25:545][712]LogShaderCompilers: Display: Shaders left to compile 55
[2019.03.05-06.54.25:545][712]LogShaderCompilers: Display: Shaders left to compile 54
[2019.03.05-06.54.25:545][712]LogShaderCompilers: Display: Shaders left to compile 53
[2019.03.05-06.54.25:545][712]LogShaderCompilers: Display: Shaders left to compile 52
[2019.03.05-06.54.25:545][712]LogShaderCompilers: Display: Shaders left to compile 51
[2019.03.05-06.54.25:545][712]LogShaderCompilers: Display: Shaders left to compile 50
[2019.03.05-06.54.25:545][712]LogShaderCompilers: Display: Shaders left to compile 49
[2019.03.05-06.54.25:545][712]LogShaderCompilers: Display: Shaders left to compile 48
[2019.03.05-06.54.25:545][712]LogShaderCompilers: Display: Shaders left to compile 47
[2019.03.05-06.54.25:545][712]LogShaderCompilers: Display: Shaders left to compile 46
[2019.03.05-06.54.25:546][712]LogShaderCompilers: Display: Shaders left to compile 45
[2019.03.05-06.54.25:546][712]LogShaderCompilers: Display: Shaders left to compile 44
[2019.03.05-06.54.25:546][712]LogShaderCompilers: Display: Shaders left to compile 43
[2019.03.05-06.54.25:546][712]LogShaderCompilers: Display: Shaders left to compile 42
[2019.03.05-06.54.25:546][712]LogShaderCompilers: Display: Shaders left to compile 41
[2019.03.05-06.54.25:546][712]LogShaderCompilers: Display: Shaders left to compile 40
[2019.03.05-06.54.25:546][712]LogShaderCompilers: Display: Shaders left to compile 39
[2019.03.05-06.54.25:546][712]LogShaderCompilers: Display: Shaders left to compile 38
[2019.03.05-06.54.25:546][712]LogShaderCompilers: Display: Shaders left to compile 37
[2019.03.05-06.54.25:546][712]LogShaderCompilers: Display: Shaders left to compile 36
[2019.03.05-06.54.25:546][712]LogShaderCompilers: Display: Shaders left to compile 35
[2019.03.05-06.54.25:546][712]LogShaderCompilers: Display: Shaders left to compile 34
[2019.03.05-06.54.25:546][712]LogShaderCompilers: Display: Shaders left to compile 33
[2019.03.05-06.54.25:547][712]LogShaderCompilers: Display: Shaders left to compile 32
[2019.03.05-06.54.25:547][712]LogShaderCompilers: Display: Shaders left to compile 31
[2019.03.05-06.54.25:547][712]LogShaderCompilers: Display: Shaders left to compile 30
[2019.03.05-06.54.25:547][712]LogShaderCompilers: Display: Shaders left to compile 29
[2019.03.05-06.54.25:547][712]LogShaderCompilers: Display: Shaders left to compile 28
[2019.03.05-06.54.25:547][712]LogShaderCompilers: Display: Shaders left to compile 27
[2019.03.05-06.54.25:547][712]LogShaderCompilers: Display: Shaders left to compile 26
[2019.03.05-06.54.25:547][712]LogShaderCompilers: Display: Shaders left to compile 25
[2019.03.05-06.54.25:547][712]LogShaderCompilers: Display: Shaders left to compile 24
[2019.03.05-06.54.25:547][712]LogShaderCompilers: Display: Shaders left to compile 23
[2019.03.05-06.54.25:547][712]LogShaderCompilers: Display: Shaders left to compile 22
[2019.03.05-06.54.25:547][712]LogShaderCompilers: Display: Shaders left to compile 21
[2019.03.05-06.54.25:547][712]LogShaderCompilers: Display: Shaders left to compile 20
[2019.03.05-06.54.25:547][712]LogShaderCompilers: Display: Shaders left to compile 19
[2019.03.05-06.54.25:548][712]LogShaderCompilers: Display: Shaders left to compile 18
[2019.03.05-06.54.25:548][712]LogShaderCompilers: Display: Shaders left to compile 17
[2019.03.05-06.54.25:548][712]LogShaderCompilers: Display: Shaders left to compile 16
[2019.03.05-06.54.25:548][712]LogShaderCompilers: Display: Shaders left to compile 15
[2019.03.05-06.54.25:548][712]LogShaderCompilers: Display: Shaders left to compile 14
[2019.03.05-06.54.25:548][712]LogShaderCompilers: Display: Shaders left to compile 13
[2019.03.05-06.54.25:548][712]LogShaderCompilers: Display: Shaders left to compile 12
[2019.03.05-06.54.25:548][712]LogShaderCompilers: Display: Shaders left to compile 11
[2019.03.05-06.54.25:548][712]LogShaderCompilers: Display: Shaders left to compile 10
[2019.03.05-06.54.25:548][712]LogShaderCompilers: Display: Shaders left to compile 9
[2019.03.05-06.54.25:548][712]LogShaderCompilers: Display: Shaders left to compile 8
[2019.03.05-06.54.25:548][712]LogShaderCompilers: Display: Shaders left to compile 7
[2019.03.05-06.54.25:548][712]LogShaderCompilers: Display: Shaders left to compile 6
[2019.03.05-06.54.25:548][712]LogShaderCompilers: Display: Shaders left to compile 5
[2019.03.05-06.54.25:548][712]LogShaderCompilers: Display: Shaders left to compile 4
[2019.03.05-06.54.25:549][712]LogShaderCompilers: Display: Shaders left to compile 3
[2019.03.05-06.54.25:549][712]LogShaderCompilers: Display: Shaders left to compile 2
[2019.03.05-06.54.25:549][712]LogShaderCompilers: Display: Shaders left to compile 1
[2019.03.05-06.54.33:968][685]LogSlate: FSceneViewport::OnFocusLost() reason 0
[2019.03.05-06.54.50:881][702]Cmd: SELECT NONE
[2019.03.05-06.54.51:857][817]LogEditorViewport: Clicking on Actor (context menu): BP_Sky_Sphere_C (Sky Sphere)
[2019.03.05-06.54.51:874][817]LogSlate: FSceneViewport::OnFocusLost() reason 2
[2019.03.05-06.54.55:834][262]LogSlate: FSceneViewport::OnFocusLost() reason 0
[2019.03.05-06.55.24:122][513]Cmd: SELECT NONE
[2019.03.05-06.56.04:545][271]LogSlate: FSceneViewport::OnFocusLost() reason 0
[2019.03.05-06.56.13:963][312]LogUObjectGlobals: Created PersistentFrame Addr=0x0000023e30a37f40, Size=88, Default__Landscape_Painting_Mode_C Function /Engine/Tutorial/Landscape/Landscape_Painting_Mode.Landscape_Painting_Mode_C:ExecuteUbergraph_Landscape_Painting_Mode
[2019.03.05-06.56.13:965][312]LogUObjectGlobals: Destroyed PersistentFrame Addr=0x0000023e30a37f40, Size=88
[2019.03.05-06.56.13:965][312]LogUObjectGlobals: Created PersistentFrame Addr=0x0000023e30a34880, Size=88, Default__Landscape_Painting_Mode_C Function /Engine/Transient.REINST_Landscape_Painting_Mode_C_7:ExecuteUbergraph_Landscape_Painting_Mode
[2019.03.05-06.56.13:967][312]LogUObjectGlobals: Created PersistentFrame Addr=0x0000023e316d2480, Size=80, Default__Landscape_Painting_Mode_C Function /Engine/Tutorial/Landscape/Landscape_Painting_Mode.Landscape_Painting_Mode_C:ExecuteUbergraph_Landscape_Painting_Mode
[2019.03.05-06.56.13:974][312]LogUObjectGlobals: Created PersistentFrame Addr=0x0000023e31694fa0, Size=88, Default__Landscape_Sculpt_Mode_C Function /Engine/Tutorial/Landscape/Landscape_Sculpt_Mode.Landscape_Sculpt_Mode_C:ExecuteUbergraph_Landscape_Sculpt_Mode
[2019.03.05-06.56.13:976][312]LogUObjectGlobals: Destroyed PersistentFrame Addr=0x0000023e31694fa0, Size=88
[2019.03.05-06.56.13:977][312]LogUObjectGlobals: Created PersistentFrame Addr=0x0000023e316950c0, Size=88, Default__Landscape_Sculpt_Mode_C Function /Engine/Transient.REINST_Landscape_Sculpt_Mode_C_9:ExecuteUbergraph_Landscape_Sculpt_Mode
[2019.03.05-06.56.13:978][312]LogUObjectGlobals: Created PersistentFrame Addr=0x0000023e3118de40, Size=80, Default__Landscape_Sculpt_Mode_C Function /Engine/Tutorial/Landscape/Landscape_Sculpt_Mode.Landscape_Sculpt_Mode_C:ExecuteUbergraph_Landscape_Sculpt_Mode
[2019.03.05-06.56.13:987][312]LogUObjectGlobals: Created PersistentFrame Addr=0x0000023e3280aa40, Size=64, Default__CreatingSigningCertAndProvisionTutorial_C Function /Engine/Tutorial/Mobile/CreatingSigningCertAndProvisionTutorial.CreatingSigningCertAndProvisionTutorial_C:ExecuteUbergraph_CreatingSigningCertAndProvisionTutorial
[2019.03.05-06.56.13:992][312]LogUObjectGlobals: Destroyed PersistentFrame Addr=0x0000023e3280aa40, Size=64
[2019.03.05-06.56.13:992][312]LogUObjectGlobals: Created PersistentFrame Addr=0x0000023e3280b680, Size=64, Default__CreatingSigningCertAndProvisionTutorial_C Function /Engine/Transient.REINST_CreatingSigningCertAndProvisionTutorial_C_11:ExecuteUbergraph_CreatingSigningCertAndProvisionTutorial
[2019.03.05-06.56.13:994][312]LogUObjectGlobals: Created PersistentFrame Addr=0x0000023e15456f40, Size=64, Default__CreatingSigningCertAndProvisionTutorial_C Function /Engine/Tutorial/Mobile/CreatingSigningCertAndProvisionTutorial.CreatingSigningCertAndProvisionTutorial_C:ExecuteUbergraph_CreatingSigningCertAndProvisionTutorial
[2019.03.05-06.56.14:024][312]LogSlate: Window 'Tutorials' being destroyed
[2019.03.05-06.56.44:678][970]LogSlate: Window 'Tutorials' being destroyed
[2019.03.05-06.56.45:198][970]LogBlueprintUserMessages: [Default__Landscape_Sculpt_Mode_C] You have a Landscape
[2019.03.05-06.56.46:542][124]LogSlate: FSceneViewport::OnFocusLost() reason 0
[2019.03.05-06.57.01:964][888]LogEditorViewport: Clicking on Actor (double click): Landscape (Landscape)
[2019.03.05-06.57.02:641][966]LogEditorViewport: Clicking on Actor (double click): Landscape (Landscape)
[2019.03.05-06.57.06:164][382]LogSlate: FSceneViewport::OnFocusLost() reason 2
[2019.03.05-06.57.10:210][859]LogSlate: FSceneViewport::OnFocusLost() reason 0
[2019.03.05-06.57.21:180][ 85]LogEditorViewport: Clicking on Actor (double click): Landscape (Landscape)
[2019.03.05-06.57.39:979][322]LogSlate: FSceneViewport::OnFocusLost() reason 0
[2019.03.05-06.58.05:879][ 84]LogSlate: FSceneViewport::OnFocusLost() reason 0
[2019.03.05-06.58.08:403][383]LogSlate: Window 'Tutorials' being destroyed
[2019.03.05-06.58.08:408][383]LogBlueprintUserMessages: [Default__Landscape_Painting_Mode_C] You have a Landscape
[2019.03.05-06.58.09:723][523]LogSlate: FSceneViewport::OnFocusLost() reason 0
[2019.03.05-06.58.18:739][586]LogEditorViewport: Clicking on Actor (double click): Landscape (Landscape)
[2019.03.05-06.58.21:320][890]LogEditorViewport: Clicking on Actor (double click): Landscape (Landscape)
[2019.03.05-06.58.22:789][ 64]LogSlate: FSceneViewport::OnFocusLost() reason 0
[2019.03.05-06.58.23:873][189]LogEditorViewport: Clicking on Actor (double click): BP_Sky_Sphere_C (Sky Sphere)
[2019.03.05-06.58.25:795][417]LogSlate: FSceneViewport::OnFocusLost() reason 0
[2019.03.05-06.58.31:668][117]LogEditorViewport: Clicking on Actor (context menu): Landscape (Landscape)
[2019.03.05-06.58.31:687][117]LogSlate: FSceneViewport::OnFocusLost() reason 2
[2019.03.05-06.58.38:345][906]Cmd: DELETE
[2019.03.05-06.58.38:345][906]Cmd: ACTOR DELETE
[2019.03.05-06.58.38:348][906]LogEditorActor: Deleted Actor: Landscape
[2019.03.05-06.58.38:386][906]LogUObjectGlobals: Destroyed PersistentFrame Addr=0x0000023e30a34880, Size=88
[2019.03.05-06.58.38:386][906]LogUObjectGlobals: Destroyed PersistentFrame Addr=0x0000023e316950c0, Size=88
[2019.03.05-06.58.38:386][906]LogUObjectGlobals: Destroyed PersistentFrame Addr=0x0000023e3280b680, Size=64
[2019.03.05-06.58.38:387][906]LogEditorActor: Deleted 1 Actors (0.042 secs)
[2019.03.05-06.58.53:672][730]LogSlate: FSceneViewport::OnFocusLost() reason 2
[2019.03.05-06.58.57:882][148]LogSlate: Only BGRA pngs, bmps or icos are supported in by External Image Picker
[2019.03.05-06.58.58:006][148]LogTemp: Executing iPhonePackager certificates Engine -bundlename com.YourCompany.BattleTank
[2019.03.05-06.58.58:006][148]LogTemp: CWD: J:\GameMake\UE_4.19\Engine\Binaries\DotNET\IOS
[2019.03.05-06.58.58:006][148]LogTemp: Initial Dir: J:\GameMake\UE_4.19
[2019.03.05-06.58.58:006][148]LogTemp: Env CWD: J:\GameMake\UE_4.19\Engine\Binaries\DotNET\IOS
[2019.03.05-06.58.58:007][148]LogTemp: BranchPath = DESKTOP-4CUJCVN/J/GameMake/UE_4.19/Engine/Binaries --- GameBranchPath = DESKTOP-4CUJCVN/J/GameMake/UE_4.19/Engine/Binaries
[2019.03.05-06.58.58:007][148]LogTemp: IPP ERROR: Could not find provision directory 'C:\Users\ustc\AppData\Local/Apple Computer/MobileDevice/Provisioning Profiles/'.
[2019.03.05-06.59.13:056][911]LogSlate: Window 'Project Settings' being destroyed
[2019.03.05-06.59.13:060][911]LogSlate: Window 'Project Settings' being destroyed
[2019.03.05-06.59.32:176][227]LogSlate: Window 'Save Level As' being destroyed
[2019.03.05-06.59.32:249][227]Cmd: OBJ SAVEPACKAGE PACKAGE="/Game/BattleGroud" FILE="E:/GitHub/UE4/TankBattle/BattleTank/Content/BattleGroud.umap" SILENT=true AUTOSAVING=false KEEPDIRTY=false
[2019.03.05-06.59.32:278][227]LogSavePackage: Save=17.35ms
[2019.03.05-06.59.32:278][227]LogSavePackage: Moving 'E:/GitHub/UE4/TankBattle/BattleTank/Saved/BattleGroud2D7F458A43B9C9F3D7EC9BB37E195491.tmp' to 'E:/GitHub/UE4/TankBattle/BattleTank/Content/BattleGroud.umap'
[2019.03.05-06.59.32:282][227]LogSavePackage: Display: Finished SavePackage E:/GitHub/UE4/TankBattle/BattleTank/Content/BattleGroud.umap
[2019.03.05-06.59.32:302][227]Cmd: OBJ SAVEPACKAGE PACKAGE="/Game/BattleGroud_BuiltData" FILE="E:/GitHub/UE4/TankBattle/BattleTank/Content/BattleGroud_BuiltData.uasset" SILENT=true
[2019.03.05-06.59.32:332][227]LogSavePackage: Save=27.20ms
[2019.03.05-06.59.32:332][227]LogSavePackage: Moving 'E:/GitHub/UE4/TankBattle/BattleTank/Saved/BattleGroud_BuiltData90379FA84236C5290C2868B5504EC076.tmp' to 'E:/GitHub/UE4/TankBattle/BattleTank/Content/BattleGroud_BuiltData.uasset'
[2019.03.05-06.59.32:335][227]LogSavePackage: Display: Finished SavePackage E:/GitHub/UE4/TankBattle/BattleTank/Content/BattleGroud_BuiltData.uasset
[2019.03.05-06.59.32:339][227]LogFileHelpers: Saving map 'BattleGroud' took 0.158
[2019.03.05-06.59.45:958][851]LogTexture: Display: Building textures: Texture2D_3 (G8, 128X128)
[2019.03.05-06.59.47:184][994]LogEditorSelectUtils: Warning: SelectActor: The requested operation could not be completed because the actor has invalid flags. (Landscape)
[2019.03.05-06.59.47:185][994]LogActorComponent: RegisterComponentWithWorld: (/Game/BattleGroud.BattleGroud:PersistentLevel.Landscape_5.RootComponent0) Trying to register component with IsPendingKill() == true. Aborting.
[2019.03.05-06.59.47:185][994]LogEditorSelectUtils: Warning: SelectActor: The requested operation could not be completed because the actor has invalid flags. (Landscape)
[2019.03.05-07.00.02:451][817]LogSlate: FSceneViewport::OnFocusLost() reason 0
[2019.03.05-07.03.54:514][509]LogSlate: FSceneViewport::OnFocusLost() reason 0
[2019.03.05-07.03.56:056][529]LogSlate: Window 'Save Content' being destroyed
[2019.03.05-07.03.56:126][529]Cmd: OBJ SAVEPACKAGE PACKAGE="/Game/BattleGroud" FILE="E:/GitHub/UE4/TankBattle/BattleTank/Content/BattleGroud.umap" SILENT=true AUTOSAVING=false KEEPDIRTY=false
[2019.03.05-07.03.56:176][529]LogSavePackage: Save=36.13ms
[2019.03.05-07.03.56:176][529]LogSavePackage: Moving 'E:/GitHub/UE4/TankBattle/BattleTank/Saved/BattleGroud76600CE247711474F198D7BBF7663655.tmp' to 'E:/GitHub/UE4/TankBattle/BattleTank/Content/BattleGroud.umap'
[2019.03.05-07.03.56:181][529]LogSavePackage: Display: Finished SavePackage E:/GitHub/UE4/TankBattle/BattleTank/Content/BattleGroud.umap
[2019.03.05-07.03.56:194][529]LogFileHelpers: Saving map 'BattleGroud' took 0.122
[2019.03.05-07.03.56:233][529]LogSlate: Window 'BattleTank - Unreal Editor' being destroyed
[2019.03.05-07.03.56:440][530]Cmd: QUIT_EDITOR
[2019.03.05-07.03.56:526][530]LogWindowsTextInputMethodSystem: Display: IME system now activated using TSF (搜狗拼音输入法).
[2019.03.05-07.03.56:543][530]LogSlate: Slate User Destroyed.  User Index 0, Is Virtual User: 0
[2019.03.05-07.03.56:543][530]LogExit: Preparing to exit.
[2019.03.05-07.03.57:068][530]LogExit: Editor shut down
[2019.03.05-07.03.57:075][530]LogExit: Transaction tracking system shut down
[2019.03.05-07.03.57:077][530]LogUObjectGlobals: Destroyed PersistentFrame Addr=0x0000023e316d2480, Size=80
[2019.03.05-07.03.57:077][530]LogUObjectGlobals: Destroyed PersistentFrame Addr=0x0000023e3118de40, Size=80
[2019.03.05-07.03.57:077][530]LogUObjectGlobals: Destroyed PersistentFrame Addr=0x0000023e15456f40, Size=64
[2019.03.05-07.03.57:166][530]LogDirectoryWatcher: A directory notification for '../../../Engine/Content/' was aborted.
[2019.03.05-07.03.57:167][530]LogDirectoryWatcher: A directory notification for 'E:/GitHub/UE4/TankBattle/BattleTank/Content/' was aborted.
[2019.03.05-07.03.57:167][530]LogDirectoryWatcher: A directory notification for '../../Plugins/2D/Paper2D/Content/' was aborted.
[2019.03.05-07.03.57:167][530]LogDirectoryWatcher: A directory notification for '../../Plugins/Enterprise/DatasmithContent/Content/' was aborted.
[2019.03.05-07.03.57:167][530]LogDirectoryWatcher: A directory notification for '../../Plugins/Media/MediaCompositing/Content/' was aborted.
[2019.03.05-07.03.57:167][530]LogDirectoryWatcher: A directory notification for '../../Plugins/Runtime/AppleARKit/Content/' was aborted.
[2019.03.05-07.03.57:167][530]LogDirectoryWatcher: A directory notification for '../../Plugins/Runtime/Oculus/OculusVR/Content/' was aborted.
[2019.03.05-07.03.57:168][530]LogDirectoryWatcher: A directory notification for '../../Plugins/Runtime/Steam/SteamVR/Content/' was aborted.
[2019.03.05-07.03.57:292][530]LogExit: Object subsystem successfully closed.
[2019.03.05-07.03.57:330][530]LogShaderCompilers: Display: Shaders left to compile 0
[2019.03.05-07.03.57:340][530]LogD3D11RHI: Shutdown
[2019.03.05-07.03.57:341][530]LogD3D11RHI: CleanupD3DDevice
[2019.03.05-07.03.57:348][530]LogD3D11RHI: ~FD3D11DynamicRHI
[2019.03.05-07.03.57:421][530]LogModuleManager: Shutting down and abandoning module ExternalImagePicker (580)
[2019.03.05-07.03.57:421][530]LogModuleManager: Shutting down and abandoning module HierarchicalLODOutliner (578)
[2019.03.05-07.03.57:421][530]LogModuleManager: Shutting down and abandoning module DesktopPlatform (576)
[2019.03.05-07.03.57:421][530]LogModuleManager: Shutting down and abandoning module SceneOutliner (574)
[2019.03.05-07.03.57:421][530]LogModuleManager: Shutting down and abandoning module AddContentDialog (572)
[2019.03.05-07.03.57:421][530]LogDirectoryWatcher: A directory notification for 'J:/GameMake/UE_4.19/FeaturePacks/' was aborted.
[2019.03.05-07.03.57:422][530]LogModuleManager: Shutting down and abandoning module WidgetCarousel (571)
[2019.03.05-07.03.57:422][530]LogModuleManager: Shutting down and abandoning module EditorWidgets (568)
[2019.03.05-07.03.57:422][530]LogModuleManager: Shutting down and abandoning module CollectionManager (566)
[2019.03.05-07.03.57:423][530]LogDirectoryWatcher: A directory notification for 'E:/GitHub/UE4/TankBattle/BattleTank/Content/Collections/' was aborted.
[2019.03.05-07.03.57:423][530]LogDirectoryWatcher: A directory notification for 'E:/GitHub/UE4/TankBattle/BattleTank/Content/Developers/ustc/Collections/' was aborted.
[2019.03.05-07.03.57:423][530]LogDirectoryWatcher: A directory notification for 'E:/GitHub/UE4/TankBattle/BattleTank/Saved/Collections/' was aborted.
[2019.03.05-07.03.57:423][530]LogModuleManager: Shutting down and abandoning module HierarchicalLODUtilities (564)
[2019.03.05-07.03.57:423][530]LogModuleManager: Shutting down and abandoning module StatsViewer (562)
[2019.03.05-07.03.57:423][530]LogModuleManager: Shutting down and abandoning module FoliageEdit (560)
[2019.03.05-07.03.57:423][530]LogModuleManager: Shutting down and abandoning module LandscapeEditor (558)
[2019.03.05-07.03.57:423][530]LogModuleManager: Shutting down and abandoning module MeshPaintMode (556)
[2019.03.05-07.03.57:423][530]LogModuleManager: Shutting down and abandoning module SceneDepthPickerMode (554)
[2019.03.05-07.03.57:423][530]LogModuleManager: Shutting down and abandoning module ActorPickerMode (552)
[2019.03.05-07.03.57:423][530]LogModuleManager: Shutting down and abandoning module GeometryMode (550)
[2019.03.05-07.03.57:423][530]LogModuleManager: Shutting down and abandoning module TextureAlignMode (548)
[2019.03.05-07.03.57:423][530]LogModuleManager: Shutting down and abandoning module BspMode (546)
[2019.03.05-07.03.57:423][530]LogModuleManager: Shutting down and abandoning module PIEPreviewDeviceProfileSelector (544)
[2019.03.05-07.03.57:423][530]LogModuleManager: Shutting down and abandoning module HardwareSurvey (542)
[2019.03.05-07.03.57:423][530]LogModuleManager: Shutting down and abandoning module SequenceRecorderSections (540)
[2019.03.05-07.03.57:423][530]LogModuleManager: Shutting down and abandoning module AutomationWorker (538)
[2019.03.05-07.03.57:423][530]LogModuleManager: Shutting down and abandoning module AudioCaptureEditor (536)
[2019.03.05-07.03.57:423][530]LogModuleManager: Shutting down and abandoning module SequenceRecorder (535)
[2019.03.05-07.03.57:423][530]LogModuleManager: Shutting down and abandoning module MatineeToLevelSequence (532)
[2019.03.05-07.03.57:423][530]LogModuleManager: Shutting down and abandoning module LevelSequenceEditor (530)
[2019.03.05-07.03.57:423][530]LogModuleManager: Shutting down and abandoning module PlacementMode (529)
[2019.03.05-07.03.57:424][530]LogModuleManager: Shutting down and abandoning module MaterialEditor (528)
[2019.03.05-07.03.57:424][530]LogModuleManager: Shutting down and abandoning module WmfMediaFactory (524)
[2019.03.05-07.03.57:424][530]LogModuleManager: Shutting down and abandoning module WmfMediaEditor (522)
[2019.03.05-07.03.57:424][530]LogModuleManager: Shutting down and abandoning module MediaPlayerEditor (520)
[2019.03.05-07.03.57:424][530]LogModuleManager: Shutting down and abandoning module OpenExrWrapper (518)
[2019.03.05-07.03.57:424][530]LogModuleManager: Shutting down and abandoning module ImgMediaFactory (516)
[2019.03.05-07.03.57:424][530]LogModuleManager: Shutting down and abandoning module ImgMediaEditor (514)
[2019.03.05-07.03.57:424][530]LogModuleManager: Shutting down and abandoning module AvfMediaFactory (512)
[2019.03.05-07.03.57:424][530]LogModuleManager: Shutting down and abandoning module AvfMediaEditor (510)
[2019.03.05-07.03.57:424][530]LogModuleManager: Shutting down and abandoning module AndroidMediaFactory (508)
[2019.03.05-07.03.57:424][530]LogModuleManager: Shutting down and abandoning module AndroidMediaEditor (506)
[2019.03.05-07.03.57:424][530]LogModuleManager: Shutting down and abandoning module CharacterAI (504)
[2019.03.05-07.03.57:424][530]LogModuleManager: Shutting down and abandoning module SmartSnapping (502)
[2019.03.05-07.03.57:424][530]LogModuleManager: Shutting down and abandoning module SessionServices (500)
[2019.03.05-07.03.57:424][530]LogModuleManager: Shutting down and abandoning module ViewportSnapping (498)
[2019.03.05-07.03.57:424][530]LogModuleManager: Shutting down and abandoning module ViewportInteraction (496)
[2019.03.05-07.03.57:424][530]LogModuleManager: Shutting down and abandoning module ClothPainter (494)
[2019.03.05-07.03.57:424][530]LogModuleManager: Shutting down and abandoning module SkeletalMeshEditor (493)
[2019.03.05-07.03.57:424][530]LogModuleManager: Shutting down and abandoning module LogVisualizer (490)
[2019.03.05-07.03.57:424][530]LogModuleManager: Shutting down and abandoning module IntroTutorials (488)
[2019.03.05-07.03.57:424][530]LogModuleManager: Shutting down and abandoning module GameProjectGeneration (487)
[2019.03.05-07.03.57:424][530]LogModuleManager: Shutting down and abandoning module IOSPlatformEditor (484)
[2019.03.05-07.03.57:424][530]LogModuleManager: Shutting down and abandoning module HTML5PlatformEditor (482)
[2019.03.05-07.03.57:424][530]LogModuleManager: Shutting down and abandoning module AndroidPlatformEditor (480)
[2019.03.05-07.03.57:424][530]LogModuleManager: Shutting down and abandoning module AndroidDeviceDetection (479)
[2019.03.05-07.03.57:517][530]LogModuleManager: Shutting down and abandoning module WindowsPlatformEditor (476)
[2019.03.05-07.03.57:517][530]LogModuleManager: Shutting down and abandoning module IOSRuntimeSettings (474)
[2019.03.05-07.03.57:517][530]LogModuleManager: Shutting down and abandoning module AndroidRuntimeSettings (472)
[2019.03.05-07.03.57:518][530]LogModuleManager: Shutting down and abandoning module InputBindingEditor (470)
[2019.03.05-07.03.57:518][530]LogModuleManager: Shutting down and abandoning module MergeActors (468)
[2019.03.05-07.03.57:518][530]LogModuleManager: Shutting down and abandoning module LocalizationDashboard (466)
[2019.03.05-07.03.57:518][530]LogModuleManager: Shutting down and abandoning module LocalizationService (465)
[2019.03.05-07.03.57:518][530]LogModuleManager: Shutting down and abandoning module HardwareTargeting (462)
[2019.03.05-07.03.57:518][530]LogModuleManager: Shutting down and abandoning module DeviceProfileEditor (460)
[2019.03.05-07.03.57:518][530]LogModuleManager: Shutting down and abandoning module UndoHistory (458)
[2019.03.05-07.03.57:518][530]LogModuleManager: Shutting down and abandoning module XmlParser (456)
[2019.03.05-07.03.57:518][530]LogModuleManager: Shutting down and abandoning module Blutility (454)
[2019.03.05-07.03.57:518][530]LogModuleManager: Shutting down and abandoning module ProjectSettingsViewer (452)
[2019.03.05-07.03.57:519][530]LogModuleManager: Shutting down and abandoning module ProjectTargetPlatformEditor (451)
[2019.03.05-07.03.57:519][530]LogModuleManager: Shutting down and abandoning module EditorSettingsViewer (448)
[2019.03.05-07.03.57:519][530]LogModuleManager: Shutting down and abandoning module SettingsEditor (446)
[2019.03.05-07.03.57:519][530]LogModuleManager: Shutting down and abandoning module ProjectLauncher (444)
[2019.03.05-07.03.57:519][530]LogModuleManager: Shutting down and abandoning module SessionFrontend (442)
[2019.03.05-07.03.57:520][530]LogModuleManager: Shutting down and abandoning module ProfilerClient (440)
[2019.03.05-07.03.57:520][530]LogModuleManager: Shutting down and abandoning module DeviceManager (438)
[2019.03.05-07.03.57:520][530]LogModuleManager: Shutting down and abandoning module TargetDeviceServices (437)
[2019.03.05-07.03.57:575][530]LogModuleManager: Shutting down and abandoning module AutomationController (434)
[2019.03.05-07.03.57:575][530]LogModuleManager: Shutting down and abandoning module AutomationWindow (432)
[2019.03.05-07.03.57:575][530]LogModuleManager: Shutting down and abandoning module Layers (430)
[2019.03.05-07.03.57:575][530]LogModuleManager: Shutting down and abandoning module ComponentVisualizers (428)
[2019.03.05-07.03.57:575][530]LogModuleManager: Shutting down and abandoning module DetailCustomizations (426)
[2019.03.05-07.03.57:575][530]LogModuleManager: Shutting down and abandoning module PackagesDialog (424)
[2019.03.05-07.03.57:575][530]LogModuleManager: Shutting down and abandoning module Persona (422)
[2019.03.05-07.03.57:575][530]LogModuleManager: Shutting down and abandoning module AdvancedPreviewScene (421)
[2019.03.05-07.03.57:575][530]LogModuleManager: Shutting down and abandoning module AnimGraph (419)
[2019.03.05-07.03.57:575][530]LogModuleManager: Shutting down and abandoning module Kismet (416)
[2019.03.05-07.03.57:576][530]LogModuleManager: Shutting down and abandoning module GraphEditor (414)
[2019.03.05-07.03.57:576][530]LogModuleManager: Shutting down and abandoning module ClassViewer (412)
[2019.03.05-07.03.57:576][530]LogModuleManager: Shutting down and abandoning module Toolbox (410)
[2019.03.05-07.03.57:576][530]LogModuleManager: Shutting down and abandoning module ModuleUI (408)
[2019.03.05-07.03.57:576][530]LogModuleManager: Shutting down and abandoning module MovieSceneTools (406)
[2019.03.05-07.03.57:576][530]LogModuleManager: Shutting down and abandoning module OutputLog (404)
[2019.03.05-07.03.57:576][530]LogModuleManager: Shutting down and abandoning module GammaUI (402)
[2019.03.05-07.03.57:576][530]LogModuleManager: Shutting down and abandoning module Documentation (400)
[2019.03.05-07.03.57:576][530]LogModuleManager: Shutting down and abandoning module MovieSceneTracks (398)
[2019.03.05-07.03.57:576][530]LogModuleManager: Shutting down and abandoning module MovieScene (396)
[2019.03.05-07.03.57:576][530]LogModuleManager: Shutting down and abandoning module StreamingPauseRendering (394)
[2019.03.05-07.03.57:576][530]LogModuleManager: Shutting down and abandoning module LauncherPlatform (392)
[2019.03.05-07.03.57:576][530]LogModuleManager: Shutting down and abandoning module AnalyticsET (390)
[2019.03.05-07.03.57:576][530]LogModuleManager: Shutting down and abandoning module PortalServices (388)
[2019.03.05-07.03.57:576][530]LogModuleManager: Shutting down and abandoning module PortalRpc (386)
[2019.03.05-07.03.57:576][530]LogModuleManager: Shutting down and abandoning module MessagingRpc (384)
[2019.03.05-07.03.57:576][530]LogModuleManager: Shutting down and abandoning module AIModule (382)
[2019.03.05-07.03.57:577][530]LogModuleManager: Shutting down and abandoning module GameplayDebugger (381)
[2019.03.05-07.03.57:577][530]LogModuleManager: Shutting down and abandoning module AITestSuite (379)
[2019.03.05-07.03.57:577][530]LogModuleManager: Shutting down and abandoning module ProfilerService (376)
[2019.03.05-07.03.57:722][530]LogModuleManager: Shutting down and abandoning module TaskGraph (374)
[2019.03.05-07.03.57:722][530]LogModuleManager: Shutting down and abandoning module SteamVRController (372)
[2019.03.05-07.03.57:723][530]LogModuleManager: Shutting down and abandoning module ProceduralMeshComponentEditor (370)
[2019.03.05-07.03.57:723][530]LogModuleManager: Shutting down and abandoning module ProceduralMeshComponent (368)
[2019.03.05-07.03.57:723][530]LogModuleManager: Shutting down and abandoning module OculusInput (366)
[2019.03.05-07.03.57:723][530]LogModuleManager: Shutting down and abandoning module MobilePatchingUtils (364)
[2019.03.05-07.03.57:723][530]LogModuleManager: Shutting down and abandoning module CustomMeshComponent (362)
[2019.03.05-07.03.57:723][530]LogModuleManager: Shutting down and abandoning module CableComponent (360)
[2019.03.05-07.03.57:723][530]LogModuleManager: Shutting down and abandoning module AudioCapture (358)
[2019.03.05-07.03.57:723][530]LogModuleManager: Shutting down and abandoning module ArchVisCharacter (356)
[2019.03.05-07.03.57:723][530]LogModuleManager: Shutting down and abandoning module AndroidPermission (354)
[2019.03.05-07.03.57:723][530]LogModuleManager: Shutting down and abandoning module NUTUnrealEngine4 (350)
[2019.03.05-07.03.57:723][530]LogModuleManager: Shutting down and abandoning module NetcodeUnitTest (348)
[2019.03.05-07.03.57:724][530]LogModuleManager: Shutting down and abandoning module MediaCompositingEditor (346)
[2019.03.05-07.03.57:724][530]LogModuleManager: Shutting down and abandoning module MediaCompositing (344)
[2019.03.05-07.03.57:724][530]LogModuleManager: Shutting down and abandoning module LinearTimecode (342)
[2019.03.05-07.03.57:724][530]LogModuleManager: Shutting down and abandoning module ImgMedia (340)
[2019.03.05-07.03.57:738][530]LogModuleManager: Shutting down and abandoning module HTML5Networking (338)
[2019.03.05-07.03.57:738][530]LogModuleManager: Shutting down and abandoning module AlembicImporter (336)
[2019.03.05-07.03.57:738][530]LogModuleManager: Shutting down and abandoning module AlembicLibrary (335)
[2019.03.05-07.03.57:739][530]LogModuleManager: Shutting down and abandoning module GeometryCache (334)
[2019.03.05-07.03.57:739][530]LogModuleManager: Shutting down and abandoning module GeometryCacheEd (333)
[2019.03.05-07.03.57:739][530]LogModuleManager: Shutting down and abandoning module DatasmithContent (328)
[2019.03.05-07.03.57:739][530]LogModuleManager: Shutting down and abandoning module SpeedTreeImporter (326)
[2019.03.05-07.03.57:739][530]LogModuleManager: Shutting down and abandoning module PluginBrowser (324)
[2019.03.05-07.03.57:740][530]LogModuleManager: Shutting down and abandoning module MobileLauncherProfileWizard (322)
[2019.03.05-07.03.57:740][530]LogModuleManager: Shutting down and abandoning module CryptoKeysOpenSSL (320)
[2019.03.05-07.03.57:740][530]LogModuleManager: Shutting down and abandoning module CryptoKeys (318)
[2019.03.05-07.03.57:740][530]LogModuleManager: Shutting down and abandoning module VisualStudioSourceCodeAccess (316)
[2019.03.05-07.03.57:740][530]LogModuleManager: Shutting down and abandoning module VisualStudioCodeSourceCodeAccess (314)
[2019.03.05-07.03.57:740][530]LogModuleManager: Shutting down and abandoning module UObjectPlugin (312)
[2019.03.05-07.03.57:741][530]LogModuleManager: Shutting down and abandoning module SubversionSourceControl (310)
[2019.03.05-07.03.57:741][530]LogModuleManager: Shutting down and abandoning module PerforceSourceControl (308)
[2019.03.05-07.03.57:741][530]LogModuleManager: Shutting down and abandoning module GitSourceControl (306)
[2019.03.05-07.03.57:741][530]LogModuleManager: Shutting down and abandoning module SourceControl (305)
[2019.03.05-07.03.57:741][530]LogModuleManager: Shutting down and abandoning module CLionSourceCodeAccess (302)
[2019.03.05-07.03.57:741][530]LogModuleManager: Shutting down and abandoning module LightPropagationVolumeEditor (300)
[2019.03.05-07.03.57:742][530]LogModuleManager: Shutting down and abandoning module PaperTiledImporter (298)
[2019.03.05-07.03.57:742][530]LogModuleManager: Shutting down and abandoning module PaperSpriteSheetImporter (296)
[2019.03.05-07.03.57:742][530]LogModuleManager: Shutting down and abandoning module Paper2DEditor (294)
[2019.03.05-07.03.57:742][530]LogModuleManager: Shutting down and abandoning module MeshPaint (293)
[2019.03.05-07.03.57:742][530]LogModuleManager: Shutting down and abandoning module BattleTank (290)
[2019.03.05-07.03.57:742][530]LogModuleManager: Shutting down and abandoning module RuntimePhysXCooking (288)
[2019.03.05-07.03.57:742][530]LogModuleManager: Shutting down and abandoning module PhysXVehiclesEditor (286)
[2019.03.05-07.03.57:742][530]LogModuleManager: Shutting down and abandoning module PhysXVehicles (284)
[2019.03.05-07.03.57:743][530]LogModuleManager: Shutting down and abandoning module OculusEditor (282)
[2019.03.05-07.03.57:743][530]LogModuleManager: Shutting down and abandoning module LocationServicesBPLibrary (280)
[2019.03.05-07.03.57:743][530]LogModuleManager: Shutting down and abandoning module ImmediatePhysicsEditor (278)
[2019.03.05-07.03.57:743][530]LogModuleManager: Shutting down and abandoning module ImmediatePhysics (276)
[2019.03.05-07.03.57:743][530]LogModuleManager: Shutting down and abandoning module ActorSequence (274)
[2019.03.05-07.03.57:743][530]LogModuleManager: Shutting down and abandoning module UdpMessaging (272)
[2019.03.05-07.03.57:844][530]LogModuleManager: Shutting down and abandoning module TcpMessaging (270)
[2019.03.05-07.03.57:967][530]LogModuleManager: Shutting down and abandoning module GameplayTagsEditor (268)
[2019.03.05-07.03.57:967][530]LogModuleManager: Shutting down and abandoning module FacialAnimationEditor (266)
[2019.03.05-07.03.57:968][530]LogModuleManager: Shutting down and abandoning module FacialAnimation (264)
[2019.03.05-07.03.57:968][530]LogModuleManager: Shutting down and abandoning module DataValidation (262)
[2019.03.05-07.03.57:968][530]LogModuleManager: Shutting down and abandoning module AssetManagerEditor (260)
[2019.03.05-07.03.57:968][530]LogModuleManager: Shutting down and abandoning module LevelEditor (259)
[2019.03.05-07.03.57:970][530]LogModuleManager: Shutting down and abandoning module PixelInspectorModule (258)
[2019.03.05-07.03.57:970][530]LogModuleManager: Shutting down and abandoning module CommonMenuExtensions (256)
[2019.03.05-07.03.57:971][530]LogModuleManager: Shutting down and abandoning module MainFrame (254)
[2019.03.05-07.03.57:971][530]LogModuleManager: Shutting down and abandoning module HotReload (253)
[2019.03.05-07.03.57:971][530]LogDirectoryWatcher: A directory notification for 'E:/GitHub/UE4/TankBattle/BattleTank/Binaries/Win64' was aborted.
[2019.03.05-07.03.57:974][530]LogModuleManager: Shutting down and abandoning module ContentBrowser (249)
[2019.03.05-07.03.57:978][530]LogModuleManager: Shutting down and abandoning module TreeMap (247)
[2019.03.05-07.03.57:978][530]LogModuleManager: Shutting down and abandoning module LightPropagationVolumeRuntime (244)
[2019.03.05-07.03.57:978][530]LogModuleManager: Shutting down and abandoning module LiveLinkEditor (242)
[2019.03.05-07.03.57:978][530]LogModuleManager: Shutting down and abandoning module LiveLink (240)
[2019.03.05-07.03.58:749][530]LogModuleManager: Shutting down and abandoning module Paper2D (238)
[2019.03.05-07.03.58:749][530]LogModuleManager: Shutting down and abandoning module WindowsMoviePlayer (236)
[2019.03.05-07.03.58:750][530]LogModuleManager: Shutting down and abandoning module WmfMedia (234)
[2019.03.05-07.03.58:754][530]LogModuleManager: Shutting down and abandoning module Media (233)
[2019.03.05-07.03.58:761][530]LogModuleManager: Shutting down and abandoning module PacketHandler (230)
[2019.03.05-07.03.58:761][530]LogModuleManager: Shutting down and abandoning module ClothingSystemEditor (228)
[2019.03.05-07.03.58:761][530]LogModuleManager: Shutting down and abandoning module ClothingSystemRuntime (226)
[2019.03.05-07.03.58:761][530]LogModuleManager: Shutting down and abandoning module MediaAssets (224)
[2019.03.05-07.03.58:761][530]LogModuleManager: Shutting down and abandoning module Overlay (222)
[2019.03.05-07.03.58:762][530]LogModuleManager: Shutting down and abandoning module OverlayEditor (221)
[2019.03.05-07.03.58:762][530]LogModuleManager: Shutting down and abandoning module VREditor (218)
[2019.03.05-07.03.58:762][530]LogModuleManager: Shutting down and abandoning module StringTableEditor (216)
[2019.03.05-07.03.58:762][530]LogModuleManager: Shutting down and abandoning module GameplayTasksEditor (214)
[2019.03.05-07.03.58:762][530]LogModuleManager: Shutting down and abandoning module BehaviorTreeEditor (212)
[2019.03.05-07.03.58:762][530]LogModuleManager: Shutting down and abandoning module FunctionalTesting (210)
[2019.03.05-07.03.58:763][530]LogModuleManager: Shutting down and abandoning module CollisionAnalyzer (208)
[2019.03.05-07.03.58:763][530]LogModuleManager: Shutting down and abandoning module WorkspaceMenuStructure (207)
[2019.03.05-07.03.58:763][530]LogModuleManager: Shutting down and abandoning module UMG (204)
[2019.03.05-07.03.58:763][530]LogModuleManager: Shutting down and abandoning module UMGEditor (203)
[2019.03.05-07.03.58:763][530]LogModuleManager: Shutting down and abandoning module Sequencer (202)
[2019.03.05-07.03.58:764][530]LogModuleManager: Shutting down and abandoning module MessageLog (199)
[2019.03.05-07.03.58:764][530]LogModuleManager: Shutting down and abandoning module SlateReflector (194)
[2019.03.05-07.03.58:764][530]LogModuleManager: Shutting down and abandoning module Slate (192)
[2019.03.05-07.03.58:764][530]LogModuleManager: Shutting down and abandoning module EditorStyle (190)
[2019.03.05-07.03.58:771][530]LogModuleManager: Shutting down and abandoning module MRMesh (188)
[2019.03.05-07.03.58:771][530]LogModuleManager: Shutting down and abandoning module SourceCodeAccess (186)
[2019.03.05-07.03.58:771][530]LogModuleManager: Shutting down and abandoning module HeadMountedDisplay (184)
[2019.03.05-07.03.58:772][530]LogModuleManager: Shutting down and abandoning module XAudio2 (182)
[2019.03.05-07.03.58:772][530]LogModuleManager: Shutting down and abandoning module Networking (180)
[2019.03.05-07.03.58:772][530]LogModuleManager: Shutting down and abandoning module Core (178)
[2019.03.05-07.03.58:772][530]LogModuleManager: Shutting down and abandoning module LevelSequence (176)
[2019.03.05-07.03.58:772][530]LogModuleManager: Shutting down and abandoning module KismetCompiler (174)
[2019.03.05-07.03.58:772][530]LogModuleManager: Shutting down and abandoning module MeshUtilities (172)
[2019.03.05-07.03.58:772][530]LogModuleManager: Shutting down and abandoning module MeshMergeUtilities (171)
[2019.03.05-07.03.58:773][530]LogModuleManager: Shutting down and abandoning module MeshReductionInterface (170)
[2019.03.05-07.03.58:773][530]LogModuleManager: Shutting down and abandoning module SimplygonSwarm (169)
[2019.03.05-07.03.58:773][530]LogModuleManager: Shutting down and abandoning module SimplygonMeshReduction (167)
[2019.03.05-07.03.58:773][530]LogModuleManager: Shutting down and abandoning module QuadricMeshReduction (165)
[2019.03.05-07.03.58:773][530]LogModuleManager: Shutting down and abandoning module MaterialBaking (161)
[2019.03.05-07.03.58:773][530]LogModuleManager: Shutting down and abandoning module DirectoryWatcher (157)
[2019.03.05-07.03.58:776][530]LogModuleManager: Shutting down and abandoning module DerivedDataCache (154)
[2019.03.05-07.03.58:870][530]LogDerivedDataCache: Shutdown
[2019.03.05-07.03.58:870][530]LogModuleManager: Shutting down and abandoning module XGEController (152)
[2019.03.05-07.03.58:870][530]LogModuleManager: Shutting down and abandoning module TargetPlatform (150)
[2019.03.05-07.03.58:871][530]LogModuleManager: Shutting down and abandoning module VulkanShaderFormat (149)
[2019.03.05-07.03.58:871][530]LogModuleManager: Shutting down and abandoning module ShaderFormatVectorVM (147)
[2019.03.05-07.03.58:871][530]LogModuleManager: Shutting down and abandoning module ShaderFormatOpenGL (145)
[2019.03.05-07.03.58:871][530]LogModuleManager: Shutting down and abandoning module ShaderFormatD3D (143)
[2019.03.05-07.03.58:871][530]LogModuleManager: Shutting down and abandoning module MetalShaderFormat (141)
[2019.03.05-07.03.58:871][530]LogModuleManager: Shutting down and abandoning module TextureFormatUncompressed (139)
[2019.03.05-07.03.58:871][530]LogModuleManager: Shutting down and abandoning module TextureFormatPVR (137)
[2019.03.05-07.03.58:871][530]LogModuleManager: Shutting down and abandoning module TextureFormatDXT (135)
[2019.03.05-07.03.58:871][530]LogModuleManager: Shutting down and abandoning module TextureFormatIntelISPCTexComp (133)
[2019.03.05-07.03.58:871][530]LogModuleManager: Shutting down and abandoning module TextureFormatASTC (131)
[2019.03.05-07.03.58:871][530]LogModuleManager: Shutting down and abandoning module ImageWrapper (130)
[2019.03.05-07.03.58:872][530]LogModuleManager: Shutting down and abandoning module TextureFormatAndroid (127)
[2019.03.05-07.03.58:872][530]LogModuleManager: Shutting down and abandoning module AudioFormatOpus (125)
[2019.03.05-07.03.58:872][530]LogModuleManager: Shutting down and abandoning module AudioFormatOgg (123)
[2019.03.05-07.03.58:872][530]LogModuleManager: Shutting down and abandoning module AudioFormatADPCM (121)
[2019.03.05-07.03.58:872][530]LogModuleManager: Shutting down and abandoning module LinuxTargetPlatform (119)
[2019.03.05-07.03.58:872][530]LogModuleManager: Shutting down and abandoning module LinuxServerTargetPlatform (117)
[2019.03.05-07.03.58:872][530]LogModuleManager: Shutting down and abandoning module LinuxNoEditorTargetPlatform (115)
[2019.03.05-07.03.58:872][530]LogModuleManager: Shutting down and abandoning module LinuxClientTargetPlatform (113)
[2019.03.05-07.03.58:872][530]LogModuleManager: Shutting down and abandoning module TVOSTargetPlatform (111)
[2019.03.05-07.03.58:872][530]LogModuleManager: Shutting down and abandoning module Messaging (109)
[2019.03.05-07.03.58:872][530]LogModuleManager: Shutting down and abandoning module IOSTargetPlatform (107)
[2019.03.05-07.03.58:873][530]LogModuleManager: Shutting down and abandoning module HTML5TargetPlatform (105)
[2019.03.05-07.03.58:873][530]LogModuleManager: Shutting down and abandoning module AndroidTargetPlatform (103)
[2019.03.05-07.03.58:873][530]LogModuleManager: Shutting down and abandoning module Android_PVRTCTargetPlatform (101)
[2019.03.05-07.03.58:873][530]LogModuleManager: Shutting down and abandoning module Android_MultiTargetPlatform (99)
[2019.03.05-07.03.58:873][530]LogModuleManager: Shutting down and abandoning module Android_ETC2TargetPlatform (97)
[2019.03.05-07.03.58:873][530]LogModuleManager: Shutting down and abandoning module Android_ETC1TargetPlatform (95)
[2019.03.05-07.03.58:873][530]LogModuleManager: Shutting down and abandoning module Android_ETC1aTargetPlatform (93)
[2019.03.05-07.03.58:873][530]LogModuleManager: Shutting down and abandoning module Android_DXTTargetPlatform (91)
[2019.03.05-07.03.58:873][530]LogModuleManager: Shutting down and abandoning module Android_ATCTargetPlatform (89)
[2019.03.05-07.03.58:873][530]LogModuleManager: Shutting down and abandoning module Android_ASTCTargetPlatform (87)
[2019.03.05-07.03.58:873][530]LogModuleManager: Shutting down and abandoning module WindowsTargetPlatform (85)
[2019.03.05-07.03.58:874][530]LogModuleManager: Shutting down and abandoning module WindowsServerTargetPlatform (83)
[2019.03.05-07.03.58:874][530]LogModuleManager: Shutting down and abandoning module WindowsNoEditorTargetPlatform (81)
[2019.03.05-07.03.58:874][530]LogModuleManager: Shutting down and abandoning module WindowsClientTargetPlatform (79)
[2019.03.05-07.03.58:874][530]LogModuleManager: Shutting down and abandoning module MacTargetPlatform (77)
[2019.03.05-07.03.58:874][530]LogModuleManager: Shutting down and abandoning module MacServerTargetPlatform (75)
[2019.03.05-07.03.58:874][530]LogModuleManager: Shutting down and abandoning module MacNoEditorTargetPlatform (73)
[2019.03.05-07.03.58:874][530]LogModuleManager: Shutting down and abandoning module MacClientTargetPlatform (71)
[2019.03.05-07.03.58:874][530]LogModuleManager: Shutting down and abandoning module AllDesktopTargetPlatform (69)
[2019.03.05-07.03.58:875][530]LogModuleManager: Shutting down and abandoning module InputCore (66)
[2019.03.05-07.03.58:875][530]LogModuleManager: Shutting down and abandoning module Settings (64)
[2019.03.05-07.03.58:875][530]LogModuleManager: Shutting down and abandoning module PhysXCooking (62)
[2019.03.05-07.03.58:875][530]LogModuleManager: Shutting down and abandoning module SteamVR (60)
[2019.03.05-07.03.58:875][530]LogModuleManager: Shutting down and abandoning module OculusHMD (58)
[2019.03.05-07.03.58:875][530]LogModuleManager: Shutting down and abandoning module ExampleDeviceProfileSelector (56)
[2019.03.05-07.03.58:875][530]LogModuleManager: Shutting down and abandoning module AppleARKit (54)
[2019.03.05-07.03.58:875][530]LogModuleManager: Shutting down and abandoning module AugmentedReality (51)
[2019.03.05-07.03.58:875][530]LogModuleManager: Shutting down and abandoning module OnlineBlueprintSupport (48)
[2019.03.05-07.03.58:875][530]LogModuleManager: Shutting down and abandoning module OnlineSubsystem (44)
[2019.03.05-07.03.58:875][530]LogModuleManager: Shutting down and abandoning module XMPP (43)
[2019.03.05-07.03.58:876][530]LogModuleManager: Shutting down and abandoning module HTTP (41)
[2019.03.05-07.03.58:876][530]LogHttp: Display: Http module shutting down, but needs to wait on 1 outstanding Http requests:
[2019.03.05-07.03.58:876][530]LogHttp: Display: 	verb=[POST] url=[https://datarouter.ol.epicgames.com/datarouter/api/v1/public/data?SessionID=%7BD78F0EF6-4CC9-91C1-2DD9-98BBC67DC1C2%7D&AppID=UEEditor.Rocket.Release&AppVersion=4.19.2-4033788%2B%2B%2BUE4%2BRelease-4.19&UserID=fc4a3ea347b8d8d3f0375e96864a24a6%7C1ec9ae9d5ed346da9d7832eca66f372b%7Cc54983c8-aec2-4ed1-b950-b91c7d53a12c&AppEnvironment=datacollector-binary&UploadType=eteventstream] status=Processing
[2019.03.05-07.03.58:886][530]LogModuleManager: Shutting down and abandoning module SSL (40)
[2019.03.05-07.03.58:890][530]LogModuleManager: Shutting down and abandoning module AnimationModifiers (36)
[2019.03.05-07.03.58:891][530]LogModuleManager: Shutting down and abandoning module PropertyEditor (35)
[2019.03.05-07.03.58:891][530]LogModuleManager: Shutting down and abandoning module AudioEditor (32)
[2019.03.05-07.03.58:891][530]LogModuleManager: Shutting down and abandoning module TextureCompressor (30)
[2019.03.05-07.03.58:891][530]LogModuleManager: Shutting down and abandoning module ShaderCore (28)
[2019.03.05-07.03.58:892][530]LogModuleManager: Shutting down and abandoning module Landscape (26)
[2019.03.05-07.03.58:892][530]LogModuleManager: Shutting down and abandoning module SlateRHIRenderer (24)
[2019.03.05-07.03.58:900][530]LogModuleManager: Shutting down and abandoning module OpenGLDrv (22)
[2019.03.05-07.03.58:900][530]LogModuleManager: Shutting down and abandoning module D3D11RHI (20)
[2019.03.05-07.03.58:900][530]LogModuleManager: Shutting down and abandoning module AnimGraphRuntime (18)
[2019.03.05-07.03.58:900][530]LogModuleManager: Shutting down and abandoning module Renderer (16)
[2019.03.05-07.03.58:900][530]LogModuleManager: Shutting down and abandoning module Engine (14)
[2019.03.05-07.03.58:900][530]LogModuleManager: Shutting down and abandoning module CoreUObject (12)
[2019.03.05-07.03.58:900][530]LogModuleManager: Shutting down and abandoning module NetworkFile (10)
[2019.03.05-07.03.58:900][530]LogModuleManager: Shutting down and abandoning module CookedIterativeFile (8)
[2019.03.05-07.03.58:900][530]LogModuleManager: Shutting down and abandoning module StreamingFile (6)
[2019.03.05-07.03.58:900][530]LogModuleManager: Shutting down and abandoning module SandboxFile (4)
[2019.03.05-07.03.58:900][530]LogModuleManager: Shutting down and abandoning module PakFile (2)
[2019.03.05-07.03.58:925][530]LogExit: Exiting.
[2019.03.05-07.03.58:957][530]Log file closed, 03/05/19 15:03:58
